# JRE version: Java(TM) SE Runtime Environment (8.0_51-b16) (build 1.8.0_51-b16)
# Java VM: Java HotSpot(TM) 64-Bit Server VM (25.51-b03 mixed mode windows-amd64 compressed oops)
Heap:
 PSYoungGen      total 192000K, used 120017K [0x00000000ead80000, 0x00000000f7100000, 0x0000000100000000)
  eden space 186880K, 61% used [0x00000000ead80000,0x00000000f1e1bd50,0x00000000f6400000)
  from space 5120K, 91% used [0x00000000f6c00000,0x00000000f7098a80,0x00000000f7100000)
  to   space 6144K, 0% used [0x00000000f6500000,0x00000000f6500000,0x00000000f6b00000)
 ParOldGen       total 50176K, used 17649K [0x00000000c0800000, 0x00000000c3900000, 0x00000000ead80000)
  object space 50176K, 35% used [0x00000000c0800000,0x00000000c193c4d8,0x00000000c3900000)
 Metaspace       used 47655K, capacity 49648K, committed 49840K, reserved 1091584K
  class space    used 6456K, capacity 7050K, committed 7088K, reserved 1048576K
GC Heap History (10 events):
Event: 9.313 GC heap before
{Heap before GC invocations=10 (full 1):
 PSYoungGen      total 101888K, used 101803K [0x00000000ead80000, 0x00000000f1680000, 0x0000000100000000)
  eden space 97280K, 100% used [0x00000000ead80000,0x00000000f0c80000,0x00000000f0c80000)
  from space 4608K, 98% used [0x00000000f1200000,0x00000000f166af30,0x00000000f1680000)
  to   space 5120K, 0% used [0x00000000f0c80000,0x00000000f0c80000,0x00000000f1180000)
 ParOldGen       total 32256K, used 17240K [0x00000000c0800000, 0x00000000c2780000, 0x00000000ead80000)
  object space 32256K, 53% used [0x00000000c0800000,0x00000000c18d63d8,0x00000000c2780000)
 Metaspace       used 33357K, capacity 35158K, committed 35376K, reserved 1079296K
  class space    used 4286K, capacity 4807K, committed 4912K, reserved 1048576K
Event: 9.329 GC heap after
Heap after GC invocations=10 (full 1):
 PSYoungGen      total 102400K, used 5117K [0x00000000ead80000, 0x00000000f3400000, 0x0000000100000000)
  eden space 97280K, 0% used [0x00000000ead80000,0x00000000ead80000,0x00000000f0c80000)
  from space 5120K, 99% used [0x00000000f0c80000,0x00000000f117f6c8,0x00000000f1180000)
  to   space 6144K, 0% used [0x00000000f2e00000,0x00000000f2e00000,0x00000000f3400000)
 ParOldGen       total 32256K, used 17922K [0x00000000c0800000, 0x00000000c2780000, 0x00000000ead80000)
  object space 32256K, 55% used [0x00000000c0800000,0x00000000c1980b28,0x00000000c2780000)
 Metaspace       used 33357K, capacity 35158K, committed 35376K, reserved 1079296K
  class space    used 4286K, capacity 4807K, committed 4912K, reserved 1048576K
}
Event: 9.351 GC heap before
{Heap before GC invocations=11 (full 1):
 PSYoungGen      total 102400K, used 14321K [0x00000000ead80000, 0x00000000f3400000, 0x0000000100000000)
  eden space 97280K, 9% used [0x00000000ead80000,0x00000000eb67cd60,0x00000000f0c80000)
  from space 5120K, 99% used [0x00000000f0c80000,0x00000000f117f6c8,0x00000000f1180000)
  to   space 6144K, 0% used [0x00000000f2e00000,0x00000000f2e00000,0x00000000f3400000)
 ParOldGen       total 32256K, used 17922K [0x00000000c0800000, 0x00000000c2780000, 0x00000000ead80000)
  object space 32256K, 55% used [0x00000000c0800000,0x00000000c1980b28,0x00000000c2780000)
 Metaspace       used 33542K, capacity 35286K, committed 35496K, reserved 1079296K
  class space    used 4315K, capacity 4807K, committed 4912K, reserved 1048576K
Event: 9.368 GC heap after
Heap after GC invocations=11 (full 1):
 PSYoungGen      total 131584K, used 5277K [0x00000000ead80000, 0x00000000f4b00000, 0x0000000100000000)
  eden space 125440K, 0% used [0x00000000ead80000,0x00000000ead80000,0x00000000f2800000)
  from space 6144K, 85% used [0x00000000f2e00000,0x00000000f33276e8,0x00000000f3400000)
  to   space 6144K, 0% used [0x00000000f2800000,0x00000000f2800000,0x00000000f2e00000)
 ParOldGen       total 32256K, used 17930K [0x00000000c0800000, 0x00000000c2780000, 0x00000000ead80000)
  object space 32256K, 55% used [0x00000000c0800000,0x00000000c1982b28,0x00000000c2780000)
 Metaspace       used 33542K, capacity 35286K, committed 35496K, reserved 1079296K
  class space    used 4315K, capacity 4807K, committed 4912K, reserved 1048576K
}
Event: 9.368 GC heap before
{Heap before GC invocations=12 (full 2):
 PSYoungGen      total 131584K, used 5277K [0x00000000ead80000, 0x00000000f4b00000, 0x0000000100000000)
  eden space 125440K, 0% used [0x00000000ead80000,0x00000000ead80000,0x00000000f2800000)
  from space 6144K, 85% used [0x00000000f2e00000,0x00000000f33276e8,0x00000000f3400000)
  to   space 6144K, 0% used [0x00000000f2800000,0x00000000f2800000,0x00000000f2e00000)
 ParOldGen       total 32256K, used 17930K [0x00000000c0800000, 0x00000000c2780000, 0x00000000ead80000)
  object space 32256K, 55% used [0x00000000c0800000,0x00000000c1982b28,0x00000000c2780000)
 Metaspace       used 33542K, capacity 35286K, committed 35496K, reserved 1079296K
  class space    used 4315K, capacity 4807K, committed 4912K, reserved 1048576K
Event: 9.459 GC heap after
Heap after GC invocations=12 (full 2):
 PSYoungGen      total 131584K, used 0K [0x00000000ead80000, 0x00000000f4b00000, 0x0000000100000000)
  eden space 125440K, 0% used [0x00000000ead80000,0x00000000ead80000,0x00000000f2800000)
  from space 6144K, 0% used [0x00000000f2e00000,0x00000000f2e00000,0x00000000f3400000)
  to   space 6144K, 0% used [0x00000000f2800000,0x00000000f2800000,0x00000000f2e00000)
 ParOldGen       total 50176K, used 17633K [0x00000000c0800000, 0x00000000c3900000, 0x00000000ead80000)
  object space 50176K, 35% used [0x00000000c0800000,0x00000000c19384d8,0x00000000c3900000)
 Metaspace       used 33542K, capacity 35286K, committed 35496K, reserved 1079296K
  class space    used 4315K, capacity 4807K, committed 4912K, reserved 1048576K
}
Event: 10.932 GC heap before
{Heap before GC invocations=13 (full 2):
 PSYoungGen      total 131584K, used 125440K [0x00000000ead80000, 0x00000000f4b00000, 0x0000000100000000)
  eden space 125440K, 100% used [0x00000000ead80000,0x00000000f2800000,0x00000000f2800000)
  from space 6144K, 0% used [0x00000000f2e00000,0x00000000f2e00000,0x00000000f3400000)
  to   space 6144K, 0% used [0x00000000f2800000,0x00000000f2800000,0x00000000f2e00000)
 ParOldGen       total 50176K, used 17633K [0x00000000c0800000, 0x00000000c3900000, 0x00000000ead80000)
  object space 50176K, 35% used [0x00000000c0800000,0x00000000c19384d8,0x00000000c3900000)
 Metaspace       used 43597K, capacity 45542K, committed 46000K, reserved 1089536K
  class space    used 5915K, capacity 6472K, committed 6576K, reserved 1048576K
Event: 10.946 GC heap after
Heap after GC invocations=13 (full 2):
 PSYoungGen      total 131584K, used 4155K [0x00000000ead80000, 0x00000000f7200000, 0x0000000100000000)
  eden space 125440K, 0% used [0x00000000ead80000,0x00000000ead80000,0x00000000f2800000)
  from space 6144K, 67% used [0x00000000f2800000,0x00000000f2c0ec40,0x00000000f2e00000)
  to   space 6144K, 0% used [0x00000000f6c00000,0x00000000f6c00000,0x00000000f7200000)
 ParOldGen       total 50176K, used 17641K [0x00000000c0800000, 0x00000000c3900000, 0x00000000ead80000)
  object space 50176K, 35% used [0x00000000c0800000,0x00000000c193a4d8,0x00000000c3900000)
 Metaspace       used 43597K, capacity 45542K, committed 46000K, reserved 1089536K
  class space    used 5915K, capacity 6472K, committed 6576K, reserved 1048576K
}
Event: 11.450 GC heap before
{Heap before GC invocations=14 (full 2):
 PSYoungGen      total 131584K, used 129595K [0x00000000ead80000, 0x00000000f7200000, 0x0000000100000000)
  eden space 125440K, 100% used [0x00000000ead80000,0x00000000f2800000,0x00000000f2800000)
  from space 6144K, 67% used [0x00000000f2800000,0x00000000f2c0ec40,0x00000000f2e00000)
  to   space 6144K, 0% used [0x00000000f6c00000,0x00000000f6c00000,0x00000000f7200000)
 ParOldGen       total 50176K, used 17641K [0x00000000c0800000, 0x00000000c3900000, 0x00000000ead80000)
  object space 50176K, 35% used [0x00000000c0800000,0x00000000c193a4d8,0x00000000c3900000)
 Metaspace       used 44319K, capacity 46296K, committed 46640K, reserved 1089536K
  class space    used 6041K, capacity 6583K, committed 6704K, reserved 1048576K
Event: 11.463 GC heap after
Heap after GC invocations=14 (full 2):
 PSYoungGen      total 192000K, used 4706K [0x00000000ead80000, 0x00000000f7100000, 0x0000000100000000)
  eden space 186880K, 0% used [0x00000000ead80000,0x00000000ead80000,0x00000000f6400000)
  from space 5120K, 91% used [0x00000000f6c00000,0x00000000f7098a80,0x00000000f7100000)
  to   space 6144K, 0% used [0x00000000f6500000,0x00000000f6500000,0x00000000f6b00000)
 ParOldGen       total 50176K, used 17649K [0x00000000c0800000, 0x00000000c3900000, 0x00000000ead80000)
  object space 50176K, 35% used [0x00000000c0800000,0x00000000c193c4d8,0x00000000c3900000)
 Metaspace       used 44319K, capacity 46296K, committed 46640K, reserved 1089536K
  class space    used 6041K, capacity 6583K, committed 6704K, reserved 1048576K
}

