# JRE version: Java(TM) SE Runtime Environment (8.0_51-b16) (build 1.8.0_51-b16)
# Java VM: Java HotSpot(TM) 64-Bit Server VM (25.51-b03 mixed mode windows-amd64 compressed oops)
Heap:
 PSYoungGen      total 208384K, used 75914K [0x00000000ead80000, 0x00000000fcd00000, 0x0000000100000000)
  eden space 198144K, 34% used [0x00000000ead80000,0x00000000eef93fc8,0x00000000f6f00000)
  from space 10240K, 80% used [0x00000000f6f00000,0x00000000f770e980,0x00000000f7900000)
  to   space 11264K, 0% used [0x00000000fc200000,0x00000000fc200000,0x00000000fcd00000)
 ParOldGen       total 53760K, used 38651K [0x00000000c0800000, 0x00000000c3c80000, 0x00000000ead80000)
  object space 53760K, 71% used [0x00000000c0800000,0x00000000c2dbec00,0x00000000c3c80000)
 Metaspace       used 52336K, capacity 54458K, committed 54824K, reserved 1095680K
  class space    used 7089K, capacity 7707K, committed 7728K, reserved 1048576K
GC Heap History (10 events):
Event: 22.824 GC heap before
{Heap before GC invocations=11 (full 1):
 PSYoungGen      total 134144K, used 9169K [0x00000000ead80000, 0x00000000f4780000, 0x0000000100000000)
  eden space 128000K, 2% used [0x00000000ead80000,0x00000000eb07b7d8,0x00000000f2a80000)
  from space 6144K, 99% used [0x00000000f2a80000,0x00000000f3078f28,0x00000000f3080000)
  to   space 9216K, 0% used [0x00000000f3e80000,0x00000000f3e80000,0x00000000f4780000)
 ParOldGen       total 31232K, used 15408K [0x00000000c0800000, 0x00000000c2680000, 0x00000000ead80000)
  object space 31232K, 49% used [0x00000000c0800000,0x00000000c170c020,0x00000000c2680000)
 Metaspace       used 33675K, capacity 35294K, committed 35496K, reserved 1079296K
  class space    used 4244K, capacity 4708K, committed 4784K, reserved 1048576K
Event: 22.840 GC heap after
Heap after GC invocations=11 (full 1):
 PSYoungGen      total 148480K, used 1997K [0x00000000ead80000, 0x00000000f7680000, 0x0000000100000000)
  eden space 139264K, 0% used [0x00000000ead80000,0x00000000ead80000,0x00000000f3580000)
  from space 9216K, 21% used [0x00000000f3e80000,0x00000000f40737b0,0x00000000f4780000)
  to   space 9216K, 0% used [0x00000000f3580000,0x00000000f3580000,0x00000000f3e80000)
 ParOldGen       total 31232K, used 20019K [0x00000000c0800000, 0x00000000c2680000, 0x00000000ead80000)
  object space 31232K, 64% used [0x00000000c0800000,0x00000000c1b8cd68,0x00000000c2680000)
 Metaspace       used 33675K, capacity 35294K, committed 35496K, reserved 1079296K
  class space    used 4244K, capacity 4708K, committed 4784K, reserved 1048576K
}
Event: 22.840 GC heap before
{Heap before GC invocations=12 (full 2):
 PSYoungGen      total 148480K, used 1997K [0x00000000ead80000, 0x00000000f7680000, 0x0000000100000000)
  eden space 139264K, 0% used [0x00000000ead80000,0x00000000ead80000,0x00000000f3580000)
  from space 9216K, 21% used [0x00000000f3e80000,0x00000000f40737b0,0x00000000f4780000)
  to   space 9216K, 0% used [0x00000000f3580000,0x00000000f3580000,0x00000000f3e80000)
 ParOldGen       total 31232K, used 20019K [0x00000000c0800000, 0x00000000c2680000, 0x00000000ead80000)
  object space 31232K, 64% used [0x00000000c0800000,0x00000000c1b8cd68,0x00000000c2680000)
 Metaspace       used 33675K, capacity 35294K, committed 35496K, reserved 1079296K
  class space    used 4244K, capacity 4708K, committed 4784K, reserved 1048576K
Event: 23.083 GC heap after
Heap after GC invocations=12 (full 2):
 PSYoungGen      total 148480K, used 0K [0x00000000ead80000, 0x00000000f7680000, 0x0000000100000000)
  eden space 139264K, 0% used [0x00000000ead80000,0x00000000ead80000,0x00000000f3580000)
  from space 9216K, 0% used [0x00000000f3e80000,0x00000000f3e80000,0x00000000f4780000)
  to   space 9216K, 0% used [0x00000000f3580000,0x00000000f3580000,0x00000000f3e80000)
 ParOldGen       total 53760K, used 21065K [0x00000000c0800000, 0x00000000c3c80000, 0x00000000ead80000)
  object space 53760K, 39% used [0x00000000c0800000,0x00000000c1c92750,0x00000000c3c80000)
 Metaspace       used 33675K, capacity 35294K, committed 35496K, reserved 1079296K
  class space    used 4244K, capacity 4708K, committed 4784K, reserved 1048576K
}
Event: 25.947 GC heap before
{Heap before GC invocations=13 (full 2):
 PSYoungGen      total 148480K, used 139264K [0x00000000ead80000, 0x00000000f7680000, 0x0000000100000000)
  eden space 139264K, 100% used [0x00000000ead80000,0x00000000f3580000,0x00000000f3580000)
  from space 9216K, 0% used [0x00000000f3e80000,0x00000000f3e80000,0x00000000f4780000)
  to   space 9216K, 0% used [0x00000000f3580000,0x00000000f3580000,0x00000000f3e80000)
 ParOldGen       total 53760K, used 21065K [0x00000000c0800000, 0x00000000c3c80000, 0x00000000ead80000)
  object space 53760K, 39% used [0x00000000c0800000,0x00000000c1c92750,0x00000000c3c80000)
 Metaspace       used 37153K, capacity 39116K, committed 39464K, reserved 1083392K
  class space    used 4809K, capacity 5332K, committed 5424K, reserved 1048576K
Event: 25.956 GC heap after
Heap after GC invocations=13 (full 2):
 PSYoungGen      total 148480K, used 1952K [0x00000000ead80000, 0x00000000f8400000, 0x0000000100000000)
  eden space 139264K, 0% used [0x00000000ead80000,0x00000000ead80000,0x00000000f3580000)
  from space 9216K, 21% used [0x00000000f3580000,0x00000000f3768010,0x00000000f3e80000)
  to   space 9216K, 0% used [0x00000000f7b00000,0x00000000f7b00000,0x00000000f8400000)
 ParOldGen       total 53760K, used 21073K [0x00000000c0800000, 0x00000000c3c80000, 0x00000000ead80000)
  object space 53760K, 39% used [0x00000000c0800000,0x00000000c1c94750,0x00000000c3c80000)
 Metaspace       used 37153K, capacity 39116K, committed 39464K, reserved 1083392K
  class space    used 4809K, capacity 5332K, committed 5424K, reserved 1048576K
}
Event: 32.451 GC heap before
{Heap before GC invocations=14 (full 2):
 PSYoungGen      total 148480K, used 141216K [0x00000000ead80000, 0x00000000f8400000, 0x0000000100000000)
  eden space 139264K, 100% used [0x00000000ead80000,0x00000000f3580000,0x00000000f3580000)
  from space 9216K, 21% used [0x00000000f3580000,0x00000000f3768010,0x00000000f3e80000)
  to   space 9216K, 0% used [0x00000000f7b00000,0x00000000f7b00000,0x00000000f8400000)
 ParOldGen       total 53760K, used 21073K [0x00000000c0800000, 0x00000000c3c80000, 0x00000000ead80000)
  object space 53760K, 39% used [0x00000000c0800000,0x00000000c1c94750,0x00000000c3c80000)
 Metaspace       used 48877K, capacity 50928K, committed 51112K, reserved 1093632K
  class space    used 6696K, capacity 7267K, committed 7344K, reserved 1048576K
Event: 32.493 GC heap after
Heap after GC invocations=14 (full 2):
 PSYoungGen      total 205312K, used 8160K [0x00000000ead80000, 0x00000000f8300000, 0x0000000100000000)
  eden space 197120K, 0% used [0x00000000ead80000,0x00000000ead80000,0x00000000f6e00000)
  from space 8192K, 99% used [0x00000000f7b00000,0x00000000f82f8288,0x00000000f8300000)
  to   space 10240K, 0% used [0x00000000f6f00000,0x00000000f6f00000,0x00000000f7900000)
 ParOldGen       total 53760K, used 31044K [0x00000000c0800000, 0x00000000c3c80000, 0x00000000ead80000)
  object space 53760K, 57% used [0x00000000c0800000,0x00000000c2651360,0x00000000c3c80000)
 Metaspace       used 48877K, capacity 50928K, committed 51112K, reserved 1093632K
  class space    used 6696K, capacity 7267K, committed 7344K, reserved 1048576K
}
Event: 42.418 GC heap before
{Heap before GC invocations=15 (full 2):
 PSYoungGen      total 205312K, used 205280K [0x00000000ead80000, 0x00000000f8300000, 0x0000000100000000)
  eden space 197120K, 100% used [0x00000000ead80000,0x00000000f6e00000,0x00000000f6e00000)
  from space 8192K, 99% used [0x00000000f7b00000,0x00000000f82f8288,0x00000000f8300000)
  to   space 10240K, 0% used [0x00000000f6f00000,0x00000000f6f00000,0x00000000f7900000)
 ParOldGen       total 53760K, used 31044K [0x00000000c0800000, 0x00000000c3c80000, 0x00000000ead80000)
  object space 53760K, 57% used [0x00000000c0800000,0x00000000c2651360,0x00000000c3c80000)
 Metaspace       used 50656K, capacity 52724K, committed 53160K, reserved 1095680K
  class space    used 6936K, capacity 7540K, committed 7600K, reserved 1048576K
Event: 42.449 GC heap after
Heap after GC invocations=15 (full 2):
 PSYoungGen      total 208384K, used 8250K [0x00000000ead80000, 0x00000000fcd00000, 0x0000000100000000)
  eden space 198144K, 0% used [0x00000000ead80000,0x00000000ead80000,0x00000000f6f00000)
  from space 10240K, 80% used [0x00000000f6f00000,0x00000000f770e980,0x00000000f7900000)
  to   space 11264K, 0% used [0x00000000fc200000,0x00000000fc200000,0x00000000fcd00000)
 ParOldGen       total 53760K, used 38651K [0x00000000c0800000, 0x00000000c3c80000, 0x00000000ead80000)
  object space 53760K, 71% used [0x00000000c0800000,0x00000000c2dbec00,0x00000000c3c80000)
 Metaspace       used 50656K, capacity 52724K, committed 53160K, reserved 1095680K
  class space    used 6936K, capacity 7540K, committed 7600K, reserved 1048576K
}

