# JRE version: Java(TM) SE Runtime Environment (8.0_51-b16) (build 1.8.0_51-b16)
# Java VM: Java HotSpot(TM) 64-Bit Server VM (25.51-b03 mixed mode windows-amd64 compressed oops)
Heap:
 PSYoungGen      total 142336K, used 113245K [0x00000000ead80000, 0x00000000f6a00000, 0x0000000100000000)
  eden space 132096K, 85% used [0x00000000ead80000,0x00000000f1be77e8,0x00000000f2e80000)
  from space 10240K, 1% used [0x00000000f2e80000,0x00000000f2eb0000,0x00000000f3880000)
  to   space 10240K, 0% used [0x00000000f6000000,0x00000000f6000000,0x00000000f6a00000)
 ParOldGen       total 53760K, used 32159K [0x00000000c0800000, 0x00000000c3c80000, 0x00000000ead80000)
  object space 53760K, 59% used [0x00000000c0800000,0x00000000c2767ed0,0x00000000c3c80000)
 Metaspace       used 47988K, capacity 50060K, committed 50216K, reserved 1091584K
  class space    used 6496K, capacity 7122K, committed 7216K, reserved 1048576K
GC Heap History (10 events):
Event: 8.258 GC heap before
{Heap before GC invocations=9 (full 1):
 PSYoungGen      total 69632K, used 67252K [0x00000000ead80000, 0x00000000f1c80000, 0x0000000100000000)
  eden space 64512K, 100% used [0x00000000ead80000,0x00000000eec80000,0x00000000eec80000)
  from space 5120K, 53% used [0x00000000eec80000,0x00000000eef2d1c0,0x00000000ef180000)
  to   space 4608K, 0% used [0x00000000f1800000,0x00000000f1800000,0x00000000f1c80000)
 ParOldGen       total 30208K, used 6589K [0x00000000c0800000, 0x00000000c2580000, 0x00000000ead80000)
  object space 30208K, 21% used [0x00000000c0800000,0x00000000c0e6f5e0,0x00000000c2580000)
 Metaspace       used 31762K, capacity 33422K, committed 33712K, reserved 1079296K
  class space    used 3969K, capacity 4452K, committed 4528K, reserved 1048576K
Event: 8.282 GC heap after
Heap after GC invocations=9 (full 1):
 PSYoungGen      total 106496K, used 4523K [0x00000000ead80000, 0x00000000f1c80000, 0x0000000100000000)
  eden space 101888K, 0% used [0x00000000ead80000,0x00000000ead80000,0x00000000f1100000)
  from space 4608K, 98% used [0x00000000f1800000,0x00000000f1c6af10,0x00000000f1c80000)
  to   space 5120K, 0% used [0x00000000f1280000,0x00000000f1280000,0x00000000f1780000)
 ParOldGen       total 30208K, used 11909K [0x00000000c0800000, 0x00000000c2580000, 0x00000000ead80000)
  object space 30208K, 39% used [0x00000000c0800000,0x00000000c13a17f0,0x00000000c2580000)
 Metaspace       used 31762K, capacity 33422K, committed 33712K, reserved 1079296K
  class space    used 3969K, capacity 4452K, committed 4528K, reserved 1048576K
}
Event: 9.251 GC heap before
{Heap before GC invocations=10 (full 1):
 PSYoungGen      total 106496K, used 103122K [0x00000000ead80000, 0x00000000f1c80000, 0x0000000100000000)
  eden space 101888K, 96% used [0x00000000ead80000,0x00000000f0dc99a0,0x00000000f1100000)
  from space 4608K, 98% used [0x00000000f1800000,0x00000000f1c6af10,0x00000000f1c80000)
  to   space 5120K, 0% used [0x00000000f1280000,0x00000000f1280000,0x00000000f1780000)
 ParOldGen       total 30208K, used 11909K [0x00000000c0800000, 0x00000000c2580000, 0x00000000ead80000)
  object space 30208K, 39% used [0x00000000c0800000,0x00000000c13a17f0,0x00000000c2580000)
 Metaspace       used 33464K, capacity 35274K, committed 35496K, reserved 1079296K
  class space    used 4285K, capacity 4781K, committed 4784K, reserved 1048576K
Event: 9.272 GC heap after
Heap after GC invocations=10 (full 1):
 PSYoungGen      total 108544K, used 5119K [0x00000000ead80000, 0x00000000f3f00000, 0x0000000100000000)
  eden space 103424K, 0% used [0x00000000ead80000,0x00000000ead80000,0x00000000f1280000)
  from space 5120K, 99% used [0x00000000f1280000,0x00000000f177fd68,0x00000000f1780000)
  to   space 6144K, 0% used [0x00000000f3900000,0x00000000f3900000,0x00000000f3f00000)
 ParOldGen       total 30208K, used 12731K [0x00000000c0800000, 0x00000000c2580000, 0x00000000ead80000)
  object space 30208K, 42% used [0x00000000c0800000,0x00000000c146eec0,0x00000000c2580000)
 Metaspace       used 33464K, capacity 35274K, committed 35496K, reserved 1079296K
  class space    used 4285K, capacity 4781K, committed 4784K, reserved 1048576K
}
Event: 9.272 GC heap before
{Heap before GC invocations=11 (full 2):
 PSYoungGen      total 108544K, used 5119K [0x00000000ead80000, 0x00000000f3f00000, 0x0000000100000000)
  eden space 103424K, 0% used [0x00000000ead80000,0x00000000ead80000,0x00000000f1280000)
  from space 5120K, 99% used [0x00000000f1280000,0x00000000f177fd68,0x00000000f1780000)
  to   space 6144K, 0% used [0x00000000f3900000,0x00000000f3900000,0x00000000f3f00000)
 ParOldGen       total 30208K, used 12731K [0x00000000c0800000, 0x00000000c2580000, 0x00000000ead80000)
  object space 30208K, 42% used [0x00000000c0800000,0x00000000c146eec0,0x00000000c2580000)
 Metaspace       used 33464K, capacity 35274K, committed 35496K, reserved 1079296K
  class space    used 4285K, capacity 4781K, committed 4784K, reserved 1048576K
Event: 9.417 GC heap after
Heap after GC invocations=11 (full 2):
 PSYoungGen      total 108544K, used 0K [0x00000000ead80000, 0x00000000f3f00000, 0x0000000100000000)
  eden space 103424K, 0% used [0x00000000ead80000,0x00000000ead80000,0x00000000f1280000)
  from space 5120K, 0% used [0x00000000f1280000,0x00000000f1280000,0x00000000f1780000)
  to   space 6144K, 0% used [0x00000000f3900000,0x00000000f3900000,0x00000000f3f00000)
 ParOldGen       total 53760K, used 17182K [0x00000000c0800000, 0x00000000c3c80000, 0x00000000ead80000)
  object space 53760K, 31% used [0x00000000c0800000,0x00000000c18c7b38,0x00000000c3c80000)
 Metaspace       used 33464K, capacity 35274K, committed 35496K, reserved 1079296K
  class space    used 4285K, capacity 4781K, committed 4784K, reserved 1048576K
}
Event: 12.410 GC heap before
{Heap before GC invocations=12 (full 2):
 PSYoungGen      total 108544K, used 103424K [0x00000000ead80000, 0x00000000f3f00000, 0x0000000100000000)
  eden space 103424K, 100% used [0x00000000ead80000,0x00000000f1280000,0x00000000f1280000)
  from space 5120K, 0% used [0x00000000f1280000,0x00000000f1280000,0x00000000f1780000)
  to   space 6144K, 0% used [0x00000000f3900000,0x00000000f3900000,0x00000000f3f00000)
 ParOldGen       total 53760K, used 17182K [0x00000000c0800000, 0x00000000c3c80000, 0x00000000ead80000)
  object space 53760K, 31% used [0x00000000c0800000,0x00000000c18c7b38,0x00000000c3c80000)
 Metaspace       used 44963K, capacity 46844K, committed 46888K, reserved 1089536K
  class space    used 6125K, capacity 6681K, committed 6704K, reserved 1048576K
Event: 12.433 GC heap after
Heap after GC invocations=12 (full 2):
 PSYoungGen      total 138240K, used 6134K [0x00000000ead80000, 0x00000000f4280000, 0x0000000100000000)
  eden space 132096K, 0% used [0x00000000ead80000,0x00000000ead80000,0x00000000f2e80000)
  from space 6144K, 99% used [0x00000000f3900000,0x00000000f3efda30,0x00000000f3f00000)
  to   space 10240K, 0% used [0x00000000f2e80000,0x00000000f2e80000,0x00000000f3880000)
 ParOldGen       total 53760K, used 26119K [0x00000000c0800000, 0x00000000c3c80000, 0x00000000ead80000)
  object space 53760K, 48% used [0x00000000c0800000,0x00000000c2181fd8,0x00000000c3c80000)
 Metaspace       used 44963K, capacity 46844K, committed 46888K, reserved 1089536K
  class space    used 6125K, capacity 6681K, committed 6704K, reserved 1048576K
}
Event: 12.775 GC heap before
{Heap before GC invocations=13 (full 2):
 PSYoungGen      total 138240K, used 138230K [0x00000000ead80000, 0x00000000f4280000, 0x0000000100000000)
  eden space 132096K, 100% used [0x00000000ead80000,0x00000000f2e80000,0x00000000f2e80000)
  from space 6144K, 99% used [0x00000000f3900000,0x00000000f3efda30,0x00000000f3f00000)
  to   space 10240K, 0% used [0x00000000f2e80000,0x00000000f2e80000,0x00000000f3880000)
 ParOldGen       total 53760K, used 26119K [0x00000000c0800000, 0x00000000c3c80000, 0x00000000ead80000)
  object space 53760K, 48% used [0x00000000c0800000,0x00000000c2181fd8,0x00000000c3c80000)
 Metaspace       used 45156K, capacity 47144K, committed 47528K, reserved 1089536K
  class space    used 6169K, capacity 6715K, committed 6832K, reserved 1048576K
Event: 12.787 GC heap after
Heap after GC invocations=13 (full 2):
 PSYoungGen      total 142336K, used 192K [0x00000000ead80000, 0x00000000f6a00000, 0x0000000100000000)
  eden space 132096K, 0% used [0x00000000ead80000,0x00000000ead80000,0x00000000f2e80000)
  from space 10240K, 1% used [0x00000000f2e80000,0x00000000f2eb0000,0x00000000f3880000)
  to   space 10240K, 0% used [0x00000000f6000000,0x00000000f6000000,0x00000000f6a00000)
 ParOldGen       total 53760K, used 32159K [0x00000000c0800000, 0x00000000c3c80000, 0x00000000ead80000)
  object space 53760K, 59% used [0x00000000c0800000,0x00000000c2767ed0,0x00000000c3c80000)
 Metaspace       used 45156K, capacity 47144K, committed 47528K, reserved 1089536K
  class space    used 6169K, capacity 6715K, committed 6832K, reserved 1048576K
}

