# JRE version: Java(TM) SE Runtime Environment (8.0_51-b16) (build 1.8.0_51-b16)
# Java VM: Java HotSpot(TM) 64-Bit Server VM (25.51-b03 mixed mode windows-amd64 compressed oops)
Heap:
 PSYoungGen      total 320000K, used 283539K [0x00000000ead80000, 0x00000000ffe00000, 0x0000000100000000)
  eden space 297472K, 94% used [0x00000000ead80000,0x00000000fc049868,0x00000000fd000000)
  from space 22528K, 9% used [0x00000000fe800000,0x00000000fea1b500,0x00000000ffe00000)
  to   space 23552K, 0% used [0x00000000fd000000,0x00000000fd000000,0x00000000fe700000)
 ParOldGen       total 126976K, used 70742K [0x00000000c0800000, 0x00000000c8400000, 0x00000000ead80000)
  object space 126976K, 55% used [0x00000000c0800000,0x00000000c4d15b98,0x00000000c8400000)
 Metaspace       used 77756K, capacity 80958K, committed 81304K, reserved 1116160K
  class space    used 12830K, capacity 13628K, committed 13728K, reserved 1048576K
GC Heap History (10 events):
Event: 56.988 GC heap before
{Heap before GC invocations=16 (full 3):
 PSYoungGen      total 305152K, used 305142K [0x00000000ead80000, 0x00000000ffe00000, 0x0000000100000000)
  eden space 286208K, 100% used [0x00000000ead80000,0x00000000fc500000,0x00000000fc500000)
  from space 18944K, 99% used [0x00000000fde00000,0x00000000ff07d950,0x00000000ff080000)
  to   space 25600K, 0% used [0x00000000fc500000,0x00000000fc500000,0x00000000fde00000)
 ParOldGen       total 85504K, used 51622K [0x00000000c0800000, 0x00000000c5b80000, 0x00000000ead80000)
  object space 85504K, 60% used [0x00000000c0800000,0x00000000c3a69860,0x00000000c5b80000)
 Metaspace       used 68869K, capacity 72084K, committed 72344K, reserved 1110016K
  class space    used 11597K, capacity 12352K, committed 12448K, reserved 1048576K
Event: 57.174 GC heap after
Heap after GC invocations=16 (full 3):
 PSYoungGen      total 311808K, used 2506K [0x00000000ead80000, 0x0000000100000000, 0x0000000100000000)
  eden space 286208K, 0% used [0x00000000ead80000,0x00000000ead80000,0x00000000fc500000)
  from space 25600K, 9% used [0x00000000fc500000,0x00000000fc772950,0x00000000fde00000)
  to   space 25088K, 0% used [0x00000000fe780000,0x00000000fe780000,0x0000000100000000)
 ParOldGen       total 85504K, used 70249K [0x00000000c0800000, 0x00000000c5b80000, 0x00000000ead80000)
  object space 85504K, 82% used [0x00000000c0800000,0x00000000c4c9a4d8,0x00000000c5b80000)
 Metaspace       used 68869K, capacity 72084K, committed 72344K, reserved 1110016K
  class space    used 11597K, capacity 12352K, committed 12448K, reserved 1048576K
}
Event: 57.174 GC heap before
{Heap before GC invocations=17 (full 4):
 PSYoungGen      total 311808K, used 2506K [0x00000000ead80000, 0x0000000100000000, 0x0000000100000000)
  eden space 286208K, 0% used [0x00000000ead80000,0x00000000ead80000,0x00000000fc500000)
  from space 25600K, 9% used [0x00000000fc500000,0x00000000fc772950,0x00000000fde00000)
  to   space 25088K, 0% used [0x00000000fe780000,0x00000000fe780000,0x0000000100000000)
 ParOldGen       total 85504K, used 70249K [0x00000000c0800000, 0x00000000c5b80000, 0x00000000ead80000)
  object space 85504K, 82% used [0x00000000c0800000,0x00000000c4c9a4d8,0x00000000c5b80000)
 Metaspace       used 68869K, capacity 72084K, committed 72344K, reserved 1110016K
  class space    used 11597K, capacity 12352K, committed 12448K, reserved 1048576K
Event: 57.668 GC heap after
Heap after GC invocations=17 (full 4):
 PSYoungGen      total 311808K, used 0K [0x00000000ead80000, 0x0000000100000000, 0x0000000100000000)
  eden space 286208K, 0% used [0x00000000ead80000,0x00000000ead80000,0x00000000fc500000)
  from space 25600K, 0% used [0x00000000fc500000,0x00000000fc500000,0x00000000fde00000)
  to   space 25088K, 0% used [0x00000000fe780000,0x00000000fe780000,0x0000000100000000)
 ParOldGen       total 126976K, used 68029K [0x00000000c0800000, 0x00000000c8400000, 0x00000000ead80000)
  object space 126976K, 53% used [0x00000000c0800000,0x00000000c4a6f4a8,0x00000000c8400000)
 Metaspace       used 68808K, capacity 71924K, committed 72344K, reserved 1110016K
  class space    used 11595K, capacity 12344K, committed 12448K, reserved 1048576K
}
Event: 59.193 GC heap before
{Heap before GC invocations=18 (full 4):
 PSYoungGen      total 311808K, used 286208K [0x00000000ead80000, 0x0000000100000000, 0x0000000100000000)
  eden space 286208K, 100% used [0x00000000ead80000,0x00000000fc500000,0x00000000fc500000)
  from space 25600K, 0% used [0x00000000fc500000,0x00000000fc500000,0x00000000fde00000)
  to   space 25088K, 0% used [0x00000000fe780000,0x00000000fe780000,0x0000000100000000)
 ParOldGen       total 126976K, used 68029K [0x00000000c0800000, 0x00000000c8400000, 0x00000000ead80000)
  object space 126976K, 53% used [0x00000000c0800000,0x00000000c4a6f4a8,0x00000000c8400000)
 Metaspace       used 69841K, capacity 72960K, committed 73240K, reserved 1110016K
  class space    used 11716K, capacity 12474K, committed 12576K, reserved 1048576K
Event: 59.204 GC heap after
Heap after GC invocations=18 (full 4):
 PSYoungGen      total 319488K, used 2885K [0x00000000ead80000, 0x00000000ffe80000, 0x0000000100000000)
  eden space 295936K, 0% used [0x00000000ead80000,0x00000000ead80000,0x00000000fce80000)
  from space 23552K, 12% used [0x00000000fe780000,0x00000000fea51688,0x00000000ffe80000)
  to   space 24576K, 0% used [0x00000000fce80000,0x00000000fce80000,0x00000000fe680000)
 ParOldGen       total 126976K, used 68037K [0x00000000c0800000, 0x00000000c8400000, 0x00000000ead80000)
  object space 126976K, 53% used [0x00000000c0800000,0x00000000c4a714a8,0x00000000c8400000)
 Metaspace       used 69841K, capacity 72960K, committed 73240K, reserved 1110016K
  class space    used 11716K, capacity 12474K, committed 12576K, reserved 1048576K
}
Event: 68.913 GC heap before
{Heap before GC invocations=19 (full 4):
 PSYoungGen      total 319488K, used 298821K [0x00000000ead80000, 0x00000000ffe80000, 0x0000000100000000)
  eden space 295936K, 100% used [0x00000000ead80000,0x00000000fce80000,0x00000000fce80000)
  from space 23552K, 12% used [0x00000000fe780000,0x00000000fea51688,0x00000000ffe80000)
  to   space 24576K, 0% used [0x00000000fce80000,0x00000000fce80000,0x00000000fe680000)
 ParOldGen       total 126976K, used 68037K [0x00000000c0800000, 0x00000000c8400000, 0x00000000ead80000)
  object space 126976K, 53% used [0x00000000c0800000,0x00000000c4a714a8,0x00000000c8400000)
 Metaspace       used 70050K, capacity 73100K, committed 73240K, reserved 1110016K
  class space    used 11738K, capacity 12476K, committed 12576K, reserved 1048576K
Event: 68.929 GC heap after
Heap after GC invocations=19 (full 4):
 PSYoungGen      total 320512K, used 835K [0x00000000ead80000, 0x0000000100000000, 0x0000000100000000)
  eden space 295936K, 0% used [0x00000000ead80000,0x00000000ead80000,0x00000000fce80000)
  from space 24576K, 3% used [0x00000000fce80000,0x00000000fcf50e00,0x00000000fe680000)
  to   space 24576K, 0% used [0x00000000fe800000,0x00000000fe800000,0x0000000100000000)
 ParOldGen       total 126976K, used 70734K [0x00000000c0800000, 0x00000000c8400000, 0x00000000ead80000)
  object space 126976K, 55% used [0x00000000c0800000,0x00000000c4d13b98,0x00000000c8400000)
 Metaspace       used 70050K, capacity 73100K, committed 73240K, reserved 1110016K
  class space    used 11738K, capacity 12476K, committed 12576K, reserved 1048576K
}
Event: 75.856 GC heap before
{Heap before GC invocations=20 (full 4):
 PSYoungGen      total 320512K, used 296771K [0x00000000ead80000, 0x0000000100000000, 0x0000000100000000)
  eden space 295936K, 100% used [0x00000000ead80000,0x00000000fce80000,0x00000000fce80000)
  from space 24576K, 3% used [0x00000000fce80000,0x00000000fcf50e00,0x00000000fe680000)
  to   space 24576K, 0% used [0x00000000fe800000,0x00000000fe800000,0x0000000100000000)
 ParOldGen       total 126976K, used 70734K [0x00000000c0800000, 0x00000000c8400000, 0x00000000ead80000)
  object space 126976K, 55% used [0x00000000c0800000,0x00000000c4d13b98,0x00000000c8400000)
 Metaspace       used 72668K, capacity 75748K, committed 76056K, reserved 1112064K
  class space    used 12242K, capacity 12993K, committed 13088K, reserved 1048576K
Event: 75.865 GC heap after
Heap after GC invocations=20 (full 4):
 PSYoungGen      total 320000K, used 2157K [0x00000000ead80000, 0x00000000ffe00000, 0x0000000100000000)
  eden space 297472K, 0% used [0x00000000ead80000,0x00000000ead80000,0x00000000fd000000)
  from space 22528K, 9% used [0x00000000fe800000,0x00000000fea1b500,0x00000000ffe00000)
  to   space 23552K, 0% used [0x00000000fd000000,0x00000000fd000000,0x00000000fe700000)
 ParOldGen       total 126976K, used 70742K [0x00000000c0800000, 0x00000000c8400000, 0x00000000ead80000)
  object space 126976K, 55% used [0x00000000c0800000,0x00000000c4d15b98,0x00000000c8400000)
 Metaspace       used 72668K, capacity 75748K, committed 76056K, reserved 1112064K
  class space    used 12242K, capacity 12993K, committed 13088K, reserved 1048576K
}

