# JRE version: Java(TM) SE Runtime Environment (8.0_51-b16) (build 1.8.0_51-b16)
# Java VM: Java HotSpot(TM) 64-Bit Server VM (25.51-b03 mixed mode windows-amd64 compressed oops)
Heap:
 PSYoungGen      total 185856K, used 73807K [0x00000000ead80000, 0x00000000f7c80000, 0x0000000100000000)
  eden space 177664K, 36% used [0x00000000ead80000,0x00000000eed941c0,0x00000000f5b00000)
  from space 8192K, 99% used [0x00000000f6a80000,0x00000000f727fa40,0x00000000f7280000)
  to   space 15872K, 0% used [0x00000000f5b00000,0x00000000f5b00000,0x00000000f6a80000)
 ParOldGen       total 57344K, used 35066K [0x00000000c0800000, 0x00000000c4000000, 0x00000000ead80000)
  object space 57344K, 61% used [0x00000000c0800000,0x00000000c2a3ead0,0x00000000c4000000)
 Metaspace       used 47960K, capacity 50000K, committed 50224K, reserved 1091584K
  class space    used 6503K, capacity 7118K, committed 7216K, reserved 1048576K
GC Heap History (10 events):
Event: 10.794 GC heap before
{Heap before GC invocations=8 (full 1):
 PSYoungGen      total 100352K, used 100020K [0x00000000ead80000, 0x00000000f3580000, 0x0000000100000000)
  eden space 97280K, 100% used [0x00000000ead80000,0x00000000f0c80000,0x00000000f0c80000)
  from space 3072K, 89% used [0x00000000f3280000,0x00000000f352d1c0,0x00000000f3580000)
  to   space 5120K, 0% used [0x00000000f2b80000,0x00000000f2b80000,0x00000000f3080000)
 ParOldGen       total 33280K, used 6537K [0x00000000c0800000, 0x00000000c2880000, 0x00000000ead80000)
  object space 33280K, 19% used [0x00000000c0800000,0x00000000c0e62600,0x00000000c2880000)
 Metaspace       used 32232K, capacity 34064K, committed 34352K, reserved 1079296K
  class space    used 4100K, capacity 4614K, committed 4656K, reserved 1048576K
Event: 10.841 GC heap after
Heap after GC invocations=8 (full 1):
 PSYoungGen      total 134144K, used 5114K [0x00000000ead80000, 0x00000000f4a80000, 0x0000000100000000)
  eden space 129024K, 0% used [0x00000000ead80000,0x00000000ead80000,0x00000000f2b80000)
  from space 5120K, 99% used [0x00000000f2b80000,0x00000000f307ea40,0x00000000f3080000)
  to   space 8704K, 0% used [0x00000000f4200000,0x00000000f4200000,0x00000000f4a80000)
 ParOldGen       total 33280K, used 12042K [0x00000000c0800000, 0x00000000c2880000, 0x00000000ead80000)
  object space 33280K, 36% used [0x00000000c0800000,0x00000000c13c2810,0x00000000c2880000)
 Metaspace       used 32232K, capacity 34064K, committed 34352K, reserved 1079296K
  class space    used 4100K, capacity 4614K, committed 4656K, reserved 1048576K
}
Event: 11.358 GC heap before
{Heap before GC invocations=9 (full 1):
 PSYoungGen      total 134144K, used 112032K [0x00000000ead80000, 0x00000000f4a80000, 0x0000000100000000)
  eden space 129024K, 82% used [0x00000000ead80000,0x00000000f15e9750,0x00000000f2b80000)
  from space 5120K, 99% used [0x00000000f2b80000,0x00000000f307ea40,0x00000000f3080000)
  to   space 8704K, 0% used [0x00000000f4200000,0x00000000f4200000,0x00000000f4a80000)
 ParOldGen       total 33280K, used 12042K [0x00000000c0800000, 0x00000000c2880000, 0x00000000ead80000)
  object space 33280K, 36% used [0x00000000c0800000,0x00000000c13c2810,0x00000000c2880000)
 Metaspace       used 33446K, capacity 35286K, committed 35496K, reserved 1079296K
  class space    used 4300K, capacity 4807K, committed 4912K, reserved 1048576K
Event: 11.379 GC heap after
Heap after GC invocations=9 (full 1):
 PSYoungGen      total 152064K, used 5773K [0x00000000ead80000, 0x00000000f8180000, 0x0000000100000000)
  eden space 143360K, 0% used [0x00000000ead80000,0x00000000ead80000,0x00000000f3980000)
  from space 8704K, 66% used [0x00000000f4200000,0x00000000f47a3788,0x00000000f4a80000)
  to   space 8704K, 0% used [0x00000000f3980000,0x00000000f3980000,0x00000000f4200000)
 ParOldGen       total 33280K, used 12050K [0x00000000c0800000, 0x00000000c2880000, 0x00000000ead80000)
  object space 33280K, 36% used [0x00000000c0800000,0x00000000c13c4810,0x00000000c2880000)
 Metaspace       used 33446K, capacity 35286K, committed 35496K, reserved 1079296K
  class space    used 4300K, capacity 4807K, committed 4912K, reserved 1048576K
}
Event: 11.379 GC heap before
{Heap before GC invocations=10 (full 2):
 PSYoungGen      total 152064K, used 5773K [0x00000000ead80000, 0x00000000f8180000, 0x0000000100000000)
  eden space 143360K, 0% used [0x00000000ead80000,0x00000000ead80000,0x00000000f3980000)
  from space 8704K, 66% used [0x00000000f4200000,0x00000000f47a3788,0x00000000f4a80000)
  to   space 8704K, 0% used [0x00000000f3980000,0x00000000f3980000,0x00000000f4200000)
 ParOldGen       total 33280K, used 12050K [0x00000000c0800000, 0x00000000c2880000, 0x00000000ead80000)
  object space 33280K, 36% used [0x00000000c0800000,0x00000000c13c4810,0x00000000c2880000)
 Metaspace       used 33446K, capacity 35286K, committed 35496K, reserved 1079296K
  class space    used 4300K, capacity 4807K, committed 4912K, reserved 1048576K
Event: 11.521 GC heap after
Heap after GC invocations=10 (full 2):
 PSYoungGen      total 152064K, used 0K [0x00000000ead80000, 0x00000000f8180000, 0x0000000100000000)
  eden space 143360K, 0% used [0x00000000ead80000,0x00000000ead80000,0x00000000f3980000)
  from space 8704K, 0% used [0x00000000f4200000,0x00000000f4200000,0x00000000f4a80000)
  to   space 8704K, 0% used [0x00000000f3980000,0x00000000f3980000,0x00000000f4200000)
 ParOldGen       total 57344K, used 17100K [0x00000000c0800000, 0x00000000c4000000, 0x00000000ead80000)
  object space 57344K, 29% used [0x00000000c0800000,0x00000000c18b33c0,0x00000000c4000000)
 Metaspace       used 33446K, capacity 35286K, committed 35496K, reserved 1079296K
  class space    used 4300K, capacity 4807K, committed 4912K, reserved 1048576K
}
Event: 13.248 GC heap before
{Heap before GC invocations=11 (full 2):
 PSYoungGen      total 152064K, used 143360K [0x00000000ead80000, 0x00000000f8180000, 0x0000000100000000)
  eden space 143360K, 100% used [0x00000000ead80000,0x00000000f3980000,0x00000000f3980000)
  from space 8704K, 0% used [0x00000000f4200000,0x00000000f4200000,0x00000000f4a80000)
  to   space 8704K, 0% used [0x00000000f3980000,0x00000000f3980000,0x00000000f4200000)
 ParOldGen       total 57344K, used 17100K [0x00000000c0800000, 0x00000000c4000000, 0x00000000ead80000)
  object space 57344K, 29% used [0x00000000c0800000,0x00000000c18b33c0,0x00000000c4000000)
 Metaspace       used 43677K, capacity 45494K, committed 45744K, reserved 1089536K
  class space    used 5930K, capacity 6474K, committed 6576K, reserved 1048576K
Event: 13.265 GC heap after
Heap after GC invocations=11 (full 2):
 PSYoungGen      total 152064K, used 4290K [0x00000000ead80000, 0x00000000f7280000, 0x0000000100000000)
  eden space 143360K, 0% used [0x00000000ead80000,0x00000000ead80000,0x00000000f3980000)
  from space 8704K, 49% used [0x00000000f3980000,0x00000000f3db09e0,0x00000000f4200000)
  to   space 8192K, 0% used [0x00000000f6a80000,0x00000000f6a80000,0x00000000f7280000)
 ParOldGen       total 57344K, used 17108K [0x00000000c0800000, 0x00000000c4000000, 0x00000000ead80000)
  object space 57344K, 29% used [0x00000000c0800000,0x00000000c18b53c0,0x00000000c4000000)
 Metaspace       used 43677K, capacity 45494K, committed 45744K, reserved 1089536K
  class space    used 5930K, capacity 6474K, committed 6576K, reserved 1048576K
}
Event: 22.531 GC heap before
{Heap before GC invocations=12 (full 2):
 PSYoungGen      total 152064K, used 147650K [0x00000000ead80000, 0x00000000f7280000, 0x0000000100000000)
  eden space 143360K, 100% used [0x00000000ead80000,0x00000000f3980000,0x00000000f3980000)
  from space 8704K, 49% used [0x00000000f3980000,0x00000000f3db09e0,0x00000000f4200000)
  to   space 8192K, 0% used [0x00000000f6a80000,0x00000000f6a80000,0x00000000f7280000)
 ParOldGen       total 57344K, used 17108K [0x00000000c0800000, 0x00000000c4000000, 0x00000000ead80000)
  object space 57344K, 29% used [0x00000000c0800000,0x00000000c18b53c0,0x00000000c4000000)
 Metaspace       used 47232K, capacity 49232K, committed 49328K, reserved 1091584K
  class space    used 6444K, capacity 7044K, committed 7088K, reserved 1048576K
Event: 22.558 GC heap after
Heap after GC invocations=12 (full 2):
 PSYoungGen      total 185856K, used 8190K [0x00000000ead80000, 0x00000000f7c80000, 0x0000000100000000)
  eden space 177664K, 0% used [0x00000000ead80000,0x00000000ead80000,0x00000000f5b00000)
  from space 8192K, 99% used [0x00000000f6a80000,0x00000000f727fa40,0x00000000f7280000)
  to   space 15872K, 0% used [0x00000000f5b00000,0x00000000f5b00000,0x00000000f6a80000)
 ParOldGen       total 57344K, used 35066K [0x00000000c0800000, 0x00000000c4000000, 0x00000000ead80000)
  object space 57344K, 61% used [0x00000000c0800000,0x00000000c2a3ead0,0x00000000c4000000)
 Metaspace       used 47232K, capacity 49232K, committed 49328K, reserved 1091584K
  class space    used 6444K, capacity 7044K, committed 7088K, reserved 1048576K
}

