# JRE version: Java(TM) SE Runtime Environment (8.0_51-b16) (build 1.8.0_51-b16)
# Java VM: Java HotSpot(TM) 64-Bit Server VM (25.51-b03 mixed mode windows-amd64 compressed oops)
Heap:
 PSYoungGen      total 188416K, used 65123K [0x00000000ead80000, 0x00000000f7180000, 0x0000000100000000)
  eden space 180224K, 32% used [0x00000000ead80000,0x00000000ee783d88,0x00000000f5d80000)
  from space 8192K, 69% used [0x00000000f6980000,0x00000000f6f14ea0,0x00000000f7180000)
  to   space 10240K, 0% used [0x00000000f5d80000,0x00000000f5d80000,0x00000000f6780000)
 ParOldGen       total 51200K, used 32132K [0x00000000c0800000, 0x00000000c3a00000, 0x00000000ead80000)
  object space 51200K, 62% used [0x00000000c0800000,0x00000000c27613d0,0x00000000c3a00000)
 Metaspace       used 47583K, capacity 49568K, committed 49840K, reserved 1091584K
  class space    used 6429K, capacity 7050K, committed 7088K, reserved 1048576K
GC Heap History (10 events):
Event: 9.859 GC heap before
{Heap before GC invocations=10 (full 1):
 PSYoungGen      total 104960K, used 104731K [0x00000000ead80000, 0x00000000f1980000, 0x0000000100000000)
  eden space 100352K, 100% used [0x00000000ead80000,0x00000000f0f80000,0x00000000f0f80000)
  from space 4608K, 95% used [0x00000000f1500000,0x00000000f1946f20,0x00000000f1980000)
  to   space 5120K, 0% used [0x00000000f0f80000,0x00000000f0f80000,0x00000000f1480000)
 ParOldGen       total 31232K, used 11936K [0x00000000c0800000, 0x00000000c2680000, 0x00000000ead80000)
  object space 31232K, 38% used [0x00000000c0800000,0x00000000c13a8010,0x00000000c2680000)
 Metaspace       used 33359K, capacity 35226K, committed 35496K, reserved 1079296K
  class space    used 4275K, capacity 4811K, committed 4912K, reserved 1048576K
Event: 9.888 GC heap after
Heap after GC invocations=10 (full 1):
 PSYoungGen      total 105472K, used 5099K [0x00000000ead80000, 0x00000000f3900000, 0x0000000100000000)
  eden space 100352K, 0% used [0x00000000ead80000,0x00000000ead80000,0x00000000f0f80000)
  from space 5120K, 99% used [0x00000000f0f80000,0x00000000f147af30,0x00000000f1480000)
  to   space 5632K, 0% used [0x00000000f3380000,0x00000000f3380000,0x00000000f3900000)
 ParOldGen       total 31232K, used 12532K [0x00000000c0800000, 0x00000000c2680000, 0x00000000ead80000)
  object space 31232K, 40% used [0x00000000c0800000,0x00000000c143d3d0,0x00000000c2680000)
 Metaspace       used 33359K, capacity 35226K, committed 35496K, reserved 1079296K
  class space    used 4275K, capacity 4811K, committed 4912K, reserved 1048576K
}
Event: 9.955 GC heap before
{Heap before GC invocations=11 (full 1):
 PSYoungGen      total 105472K, used 10459K [0x00000000ead80000, 0x00000000f3900000, 0x0000000100000000)
  eden space 100352K, 5% used [0x00000000ead80000,0x00000000eb2bbdb0,0x00000000f0f80000)
  from space 5120K, 99% used [0x00000000f0f80000,0x00000000f147af30,0x00000000f1480000)
  to   space 5632K, 0% used [0x00000000f3380000,0x00000000f3380000,0x00000000f3900000)
 ParOldGen       total 31232K, used 12532K [0x00000000c0800000, 0x00000000c2680000, 0x00000000ead80000)
  object space 31232K, 40% used [0x00000000c0800000,0x00000000c143d3d0,0x00000000c2680000)
 Metaspace       used 33463K, capacity 35290K, committed 35496K, reserved 1079296K
  class space    used 4287K, capacity 4811K, committed 4912K, reserved 1048576K
Event: 9.968 GC heap after
Heap after GC invocations=11 (full 1):
 PSYoungGen      total 136704K, used 1556K [0x00000000ead80000, 0x00000000f4980000, 0x0000000100000000)
  eden space 131072K, 0% used [0x00000000ead80000,0x00000000ead80000,0x00000000f2d80000)
  from space 5632K, 27% used [0x00000000f3380000,0x00000000f3505280,0x00000000f3900000)
  to   space 6144K, 0% used [0x00000000f2d80000,0x00000000f2d80000,0x00000000f3380000)
 ParOldGen       total 31232K, used 16311K [0x00000000c0800000, 0x00000000c2680000, 0x00000000ead80000)
  object space 31232K, 52% used [0x00000000c0800000,0x00000000c17edeb0,0x00000000c2680000)
 Metaspace       used 33463K, capacity 35290K, committed 35496K, reserved 1079296K
  class space    used 4287K, capacity 4811K, committed 4912K, reserved 1048576K
}
Event: 9.968 GC heap before
{Heap before GC invocations=12 (full 2):
 PSYoungGen      total 136704K, used 1556K [0x00000000ead80000, 0x00000000f4980000, 0x0000000100000000)
  eden space 131072K, 0% used [0x00000000ead80000,0x00000000ead80000,0x00000000f2d80000)
  from space 5632K, 27% used [0x00000000f3380000,0x00000000f3505280,0x00000000f3900000)
  to   space 6144K, 0% used [0x00000000f2d80000,0x00000000f2d80000,0x00000000f3380000)
 ParOldGen       total 31232K, used 16311K [0x00000000c0800000, 0x00000000c2680000, 0x00000000ead80000)
  object space 31232K, 52% used [0x00000000c0800000,0x00000000c17edeb0,0x00000000c2680000)
 Metaspace       used 33463K, capacity 35290K, committed 35496K, reserved 1079296K
  class space    used 4287K, capacity 4811K, committed 4912K, reserved 1048576K
Event: 10.132 GC heap after
Heap after GC invocations=12 (full 2):
 PSYoungGen      total 136704K, used 0K [0x00000000ead80000, 0x00000000f4980000, 0x0000000100000000)
  eden space 131072K, 0% used [0x00000000ead80000,0x00000000ead80000,0x00000000f2d80000)
  from space 5632K, 0% used [0x00000000f3380000,0x00000000f3380000,0x00000000f3900000)
  to   space 6144K, 0% used [0x00000000f2d80000,0x00000000f2d80000,0x00000000f3380000)
 ParOldGen       total 51200K, used 17042K [0x00000000c0800000, 0x00000000c3a00000, 0x00000000ead80000)
  object space 51200K, 33% used [0x00000000c0800000,0x00000000c18a4a78,0x00000000c3a00000)
 Metaspace       used 33463K, capacity 35290K, committed 35496K, reserved 1079296K
  class space    used 4287K, capacity 4811K, committed 4912K, reserved 1048576K
}
Event: 13.277 GC heap before
{Heap before GC invocations=13 (full 2):
 PSYoungGen      total 136704K, used 131072K [0x00000000ead80000, 0x00000000f4980000, 0x0000000100000000)
  eden space 131072K, 100% used [0x00000000ead80000,0x00000000f2d80000,0x00000000f2d80000)
  from space 5632K, 0% used [0x00000000f3380000,0x00000000f3380000,0x00000000f3900000)
  to   space 6144K, 0% used [0x00000000f2d80000,0x00000000f2d80000,0x00000000f3380000)
 ParOldGen       total 51200K, used 17042K [0x00000000c0800000, 0x00000000c3a00000, 0x00000000ead80000)
  object space 51200K, 33% used [0x00000000c0800000,0x00000000c18a4a78,0x00000000c3a00000)
 Metaspace       used 45110K, capacity 47068K, committed 47280K, reserved 1089536K
  class space    used 6161K, capacity 6713K, committed 6832K, reserved 1048576K
Event: 13.298 GC heap after
Heap after GC invocations=13 (full 2):
 PSYoungGen      total 137216K, used 6130K [0x00000000ead80000, 0x00000000f7380000, 0x0000000100000000)
  eden space 131072K, 0% used [0x00000000ead80000,0x00000000ead80000,0x00000000f2d80000)
  from space 6144K, 99% used [0x00000000f2d80000,0x00000000f337c860,0x00000000f3380000)
  to   space 10240K, 0% used [0x00000000f6980000,0x00000000f6980000,0x00000000f7380000)
 ParOldGen       total 51200K, used 26282K [0x00000000c0800000, 0x00000000c3a00000, 0x00000000ead80000)
  object space 51200K, 51% used [0x00000000c0800000,0x00000000c21aaa88,0x00000000c3a00000)
 Metaspace       used 45110K, capacity 47068K, committed 47280K, reserved 1089536K
  class space    used 6161K, capacity 6713K, committed 6832K, reserved 1048576K
}
Event: 14.065 GC heap before
{Heap before GC invocations=14 (full 2):
 PSYoungGen      total 137216K, used 135643K [0x00000000ead80000, 0x00000000f7380000, 0x0000000100000000)
  eden space 131072K, 98% used [0x00000000ead80000,0x00000000f2bfa688,0x00000000f2d80000)
  from space 6144K, 99% used [0x00000000f2d80000,0x00000000f337c860,0x00000000f3380000)
  to   space 10240K, 0% used [0x00000000f6980000,0x00000000f6980000,0x00000000f7380000)
 ParOldGen       total 51200K, used 26282K [0x00000000c0800000, 0x00000000c3a00000, 0x00000000ead80000)
  object space 51200K, 51% used [0x00000000c0800000,0x00000000c21aaa88,0x00000000c3a00000)
 Metaspace       used 46314K, capacity 48328K, committed 48432K, reserved 1091584K
  class space    used 6342K, capacity 6939K, committed 6960K, reserved 1048576K
Event: 14.085 GC heap after
Heap after GC invocations=14 (full 2):
 PSYoungGen      total 188416K, used 5715K [0x00000000ead80000, 0x00000000f7180000, 0x0000000100000000)
  eden space 180224K, 0% used [0x00000000ead80000,0x00000000ead80000,0x00000000f5d80000)
  from space 8192K, 69% used [0x00000000f6980000,0x00000000f6f14ea0,0x00000000f7180000)
  to   space 10240K, 0% used [0x00000000f5d80000,0x00000000f5d80000,0x00000000f6780000)
 ParOldGen       total 51200K, used 32132K [0x00000000c0800000, 0x00000000c3a00000, 0x00000000ead80000)
  object space 51200K, 62% used [0x00000000c0800000,0x00000000c27613d0,0x00000000c3a00000)
 Metaspace       used 46314K, capacity 48328K, committed 48432K, reserved 1091584K
  class space    used 6342K, capacity 6939K, committed 6960K, reserved 1048576K
}

