# JRE version: Java(TM) SE Runtime Environment (8.0_51-b16) (build 1.8.0_51-b16)
# Java VM: Java HotSpot(TM) 64-Bit Server VM (25.51-b03 mixed mode windows-amd64 compressed oops)
Heap:
 PSYoungGen      total 182272K, used 84607K [0x00000000ead80000, 0x00000000f6980000, 0x0000000100000000)
  eden space 176128K, 44% used [0x00000000ead80000,0x00000000efa79880,0x00000000f5980000)
  from space 6144K, 94% used [0x00000000f6380000,0x00000000f6926380,0x00000000f6980000)
  to   space 6656K, 0% used [0x00000000f5c80000,0x00000000f5c80000,0x00000000f6300000)
 ParOldGen       total 52736K, used 30373K [0x00000000c0800000, 0x00000000c3b80000, 0x00000000ead80000)
  object space 52736K, 57% used [0x00000000c0800000,0x00000000c25a97a8,0x00000000c3b80000)
 Metaspace       used 47672K, capacity 49640K, committed 49840K, reserved 1091584K
  class space    used 6456K, capacity 7050K, committed 7088K, reserved 1048576K
GC Heap History (10 events):
Event: 8.889 GC heap before
{Heap before GC invocations=10 (full 1):
 PSYoungGen      total 106496K, used 106443K [0x00000000ead80000, 0x00000000f1d00000, 0x0000000100000000)
  eden space 101888K, 100% used [0x00000000ead80000,0x00000000f1100000,0x00000000f1100000)
  from space 4608K, 98% used [0x00000000f1880000,0x00000000f1cf2f30,0x00000000f1d00000)
  to   space 5120K, 0% used [0x00000000f1300000,0x00000000f1300000,0x00000000f1800000)
 ParOldGen       total 30720K, used 11925K [0x00000000c0800000, 0x00000000c2600000, 0x00000000ead80000)
  object space 30720K, 38% used [0x00000000c0800000,0x00000000c13a5510,0x00000000c2600000)
 Metaspace       used 33378K, capacity 35228K, committed 35376K, reserved 1079296K
  class space    used 4285K, capacity 4808K, committed 4912K, reserved 1048576K
Event: 8.909 GC heap after
Heap after GC invocations=10 (full 1):
 PSYoungGen      total 109056K, used 5111K [0x00000000ead80000, 0x00000000f3d80000, 0x0000000100000000)
  eden space 103936K, 0% used [0x00000000ead80000,0x00000000ead80000,0x00000000f1300000)
  from space 5120K, 99% used [0x00000000f1300000,0x00000000f17fdfd0,0x00000000f1800000)
  to   space 6144K, 0% used [0x00000000f3780000,0x00000000f3780000,0x00000000f3d80000)
 ParOldGen       total 30720K, used 12624K [0x00000000c0800000, 0x00000000c2600000, 0x00000000ead80000)
  object space 30720K, 41% used [0x00000000c0800000,0x00000000c1454368,0x00000000c2600000)
 Metaspace       used 33378K, capacity 35228K, committed 35376K, reserved 1079296K
  class space    used 4285K, capacity 4808K, committed 4912K, reserved 1048576K
}
Event: 9.029 GC heap before
{Heap before GC invocations=11 (full 1):
 PSYoungGen      total 109056K, used 40699K [0x00000000ead80000, 0x00000000f3d80000, 0x0000000100000000)
  eden space 103936K, 34% used [0x00000000ead80000,0x00000000ed040dd8,0x00000000f1300000)
  from space 5120K, 99% used [0x00000000f1300000,0x00000000f17fdfd0,0x00000000f1800000)
  to   space 6144K, 0% used [0x00000000f3780000,0x00000000f3780000,0x00000000f3d80000)
 ParOldGen       total 30720K, used 12624K [0x00000000c0800000, 0x00000000c2600000, 0x00000000ead80000)
  object space 30720K, 41% used [0x00000000c0800000,0x00000000c1454368,0x00000000c2600000)
 Metaspace       used 33520K, capacity 35388K, committed 35496K, reserved 1079296K
  class space    used 4294K, capacity 4840K, committed 4912K, reserved 1048576K
Event: 9.043 GC heap after
Heap after GC invocations=11 (full 1):
 PSYoungGen      total 141312K, used 1518K [0x00000000ead80000, 0x00000000f4a00000, 0x0000000100000000)
  eden space 135168K, 0% used [0x00000000ead80000,0x00000000ead80000,0x00000000f3180000)
  from space 6144K, 24% used [0x00000000f3780000,0x00000000f38fbb40,0x00000000f3d80000)
  to   space 6144K, 0% used [0x00000000f3180000,0x00000000f3180000,0x00000000f3780000)
 ParOldGen       total 30720K, used 16367K [0x00000000c0800000, 0x00000000c2600000, 0x00000000ead80000)
  object space 30720K, 53% used [0x00000000c0800000,0x00000000c17fbd30,0x00000000c2600000)
 Metaspace       used 33520K, capacity 35388K, committed 35496K, reserved 1079296K
  class space    used 4294K, capacity 4840K, committed 4912K, reserved 1048576K
}
Event: 9.043 GC heap before
{Heap before GC invocations=12 (full 2):
 PSYoungGen      total 141312K, used 1518K [0x00000000ead80000, 0x00000000f4a00000, 0x0000000100000000)
  eden space 135168K, 0% used [0x00000000ead80000,0x00000000ead80000,0x00000000f3180000)
  from space 6144K, 24% used [0x00000000f3780000,0x00000000f38fbb40,0x00000000f3d80000)
  to   space 6144K, 0% used [0x00000000f3180000,0x00000000f3180000,0x00000000f3780000)
 ParOldGen       total 30720K, used 16367K [0x00000000c0800000, 0x00000000c2600000, 0x00000000ead80000)
  object space 30720K, 53% used [0x00000000c0800000,0x00000000c17fbd30,0x00000000c2600000)
 Metaspace       used 33520K, capacity 35388K, committed 35496K, reserved 1079296K
  class space    used 4294K, capacity 4840K, committed 4912K, reserved 1048576K
Event: 9.224 GC heap after
Heap after GC invocations=12 (full 2):
 PSYoungGen      total 141312K, used 0K [0x00000000ead80000, 0x00000000f4a00000, 0x0000000100000000)
  eden space 135168K, 0% used [0x00000000ead80000,0x00000000ead80000,0x00000000f3180000)
  from space 6144K, 0% used [0x00000000f3780000,0x00000000f3780000,0x00000000f3d80000)
  to   space 6144K, 0% used [0x00000000f3180000,0x00000000f3180000,0x00000000f3780000)
 ParOldGen       total 52736K, used 17113K [0x00000000c0800000, 0x00000000c3b80000, 0x00000000ead80000)
  object space 52736K, 32% used [0x00000000c0800000,0x00000000c18b6798,0x00000000c3b80000)
 Metaspace       used 33518K, capacity 35382K, committed 35496K, reserved 1079296K
  class space    used 4293K, capacity 4839K, committed 4912K, reserved 1048576K
}
Event: 10.740 GC heap before
{Heap before GC invocations=13 (full 2):
 PSYoungGen      total 141312K, used 135168K [0x00000000ead80000, 0x00000000f4a00000, 0x0000000100000000)
  eden space 135168K, 100% used [0x00000000ead80000,0x00000000f3180000,0x00000000f3180000)
  from space 6144K, 0% used [0x00000000f3780000,0x00000000f3780000,0x00000000f3d80000)
  to   space 6144K, 0% used [0x00000000f3180000,0x00000000f3180000,0x00000000f3780000)
 ParOldGen       total 52736K, used 17113K [0x00000000c0800000, 0x00000000c3b80000, 0x00000000ead80000)
  object space 52736K, 32% used [0x00000000c0800000,0x00000000c18b6798,0x00000000c3b80000)
 Metaspace       used 40729K, capacity 42436K, committed 42544K, reserved 1085440K
  class space    used 5405K, capacity 5921K, committed 5936K, reserved 1048576K
Event: 10.752 GC heap after
Heap after GC invocations=13 (full 2):
 PSYoungGen      total 141312K, used 3590K [0x00000000ead80000, 0x00000000f6980000, 0x0000000100000000)
  eden space 135168K, 0% used [0x00000000ead80000,0x00000000ead80000,0x00000000f3180000)
  from space 6144K, 58% used [0x00000000f3180000,0x00000000f3501a70,0x00000000f3780000)
  to   space 6144K, 0% used [0x00000000f6380000,0x00000000f6380000,0x00000000f6980000)
 ParOldGen       total 52736K, used 17121K [0x00000000c0800000, 0x00000000c3b80000, 0x00000000ead80000)
  object space 52736K, 32% used [0x00000000c0800000,0x00000000c18b8798,0x00000000c3b80000)
 Metaspace       used 40729K, capacity 42436K, committed 42544K, reserved 1085440K
  class space    used 5405K, capacity 5921K, committed 5936K, reserved 1048576K
}
Event: 13.785 GC heap before
{Heap before GC invocations=14 (full 2):
 PSYoungGen      total 141312K, used 138743K [0x00000000ead80000, 0x00000000f6980000, 0x0000000100000000)
  eden space 135168K, 99% used [0x00000000ead80000,0x00000000f317c520,0x00000000f3180000)
  from space 6144K, 58% used [0x00000000f3180000,0x00000000f3501a70,0x00000000f3780000)
  to   space 6144K, 0% used [0x00000000f6380000,0x00000000f6380000,0x00000000f6980000)
 ParOldGen       total 52736K, used 17121K [0x00000000c0800000, 0x00000000c3b80000, 0x00000000ead80000)
  object space 52736K, 32% used [0x00000000c0800000,0x00000000c18b8798,0x00000000c3b80000)
 Metaspace       used 46750K, capacity 48836K, committed 49072K, reserved 1091584K
  class space    used 6395K, capacity 7001K, committed 7088K, reserved 1048576K
Event: 13.811 GC heap after
Heap after GC invocations=14 (full 2):
 PSYoungGen      total 182272K, used 5784K [0x00000000ead80000, 0x00000000f6980000, 0x0000000100000000)
  eden space 176128K, 0% used [0x00000000ead80000,0x00000000ead80000,0x00000000f5980000)
  from space 6144K, 94% used [0x00000000f6380000,0x00000000f6926380,0x00000000f6980000)
  to   space 6656K, 0% used [0x00000000f5c80000,0x00000000f5c80000,0x00000000f6300000)
 ParOldGen       total 52736K, used 30373K [0x00000000c0800000, 0x00000000c3b80000, 0x00000000ead80000)
  object space 52736K, 57% used [0x00000000c0800000,0x00000000c25a97a8,0x00000000c3b80000)
 Metaspace       used 46750K, capacity 48836K, committed 49072K, reserved 1091584K
  class space    used 6395K, capacity 7001K, committed 7088K, reserved 1048576K
}

