# JRE version: Java(TM) SE Runtime Environment (8.0_51-b16) (build 1.8.0_51-b16)
# Java VM: Java HotSpot(TM) 64-Bit Server VM (25.51-b03 mixed mode windows-amd64 compressed oops)
Heap:
 PSYoungGen      total 171520K, used 134479K [0x00000000ead80000, 0x00000000f6580000, 0x0000000100000000)
  eden space 160768K, 80% used [0x00000000ead80000,0x00000000f2b3ae18,0x00000000f4a80000)
  from space 10752K, 53% used [0x00000000f5500000,0x00000000f5a99000,0x00000000f5f80000)
  to   space 10752K, 0% used [0x00000000f4a80000,0x00000000f4a80000,0x00000000f5500000)
 ParOldGen       total 54784K, used 27484K [0x00000000c0800000, 0x00000000c3d80000, 0x00000000ead80000)
  object space 54784K, 50% used [0x00000000c0800000,0x00000000c22d70b8,0x00000000c3d80000)
 Metaspace       used 49307K, capacity 51606K, committed 51712K, reserved 1093632K
  class space    used 6746K, capacity 7417K, committed 7424K, reserved 1048576K
GC Heap History (10 events):
Event: 9.123 GC heap before
{Heap before GC invocations=10 (full 1):
 PSYoungGen      total 104960K, used 94198K [0x00000000ead80000, 0x00000000f1a80000, 0x0000000100000000)
  eden space 100352K, 89% used [0x00000000ead80000,0x00000000f05198a0,0x00000000f0f80000)
  from space 4608K, 97% used [0x00000000f1600000,0x00000000f1a63f90,0x00000000f1a80000)
  to   space 5120K, 0% used [0x00000000f1080000,0x00000000f1080000,0x00000000f1580000)
 ParOldGen       total 30720K, used 11836K [0x00000000c0800000, 0x00000000c2600000, 0x00000000ead80000)
  object space 30720K, 38% used [0x00000000c0800000,0x00000000c138f1b8,0x00000000c2600000)
 Metaspace       used 33527K, capacity 35346K, committed 35416K, reserved 1079296K
  class space    used 4338K, capacity 4849K, committed 4864K, reserved 1048576K
Event: 9.153 GC heap after
Heap after GC invocations=10 (full 1):
 PSYoungGen      total 106496K, used 5103K [0x00000000ead80000, 0x00000000f3a80000, 0x0000000100000000)
  eden space 101376K, 0% used [0x00000000ead80000,0x00000000ead80000,0x00000000f1080000)
  from space 5120K, 99% used [0x00000000f1080000,0x00000000f157bc78,0x00000000f1580000)
  to   space 6144K, 0% used [0x00000000f3480000,0x00000000f3480000,0x00000000f3a80000)
 ParOldGen       total 30720K, used 12594K [0x00000000c0800000, 0x00000000c2600000, 0x00000000ead80000)
  object space 30720K, 40% used [0x00000000c0800000,0x00000000c144cbe0,0x00000000c2600000)
 Metaspace       used 33527K, capacity 35346K, committed 35416K, reserved 1079296K
  class space    used 4338K, capacity 4849K, committed 4864K, reserved 1048576K
}
Event: 9.153 GC heap before
{Heap before GC invocations=11 (full 2):
 PSYoungGen      total 106496K, used 5103K [0x00000000ead80000, 0x00000000f3a80000, 0x0000000100000000)
  eden space 101376K, 0% used [0x00000000ead80000,0x00000000ead80000,0x00000000f1080000)
  from space 5120K, 99% used [0x00000000f1080000,0x00000000f157bc78,0x00000000f1580000)
  to   space 6144K, 0% used [0x00000000f3480000,0x00000000f3480000,0x00000000f3a80000)
 ParOldGen       total 30720K, used 12594K [0x00000000c0800000, 0x00000000c2600000, 0x00000000ead80000)
  object space 30720K, 40% used [0x00000000c0800000,0x00000000c144cbe0,0x00000000c2600000)
 Metaspace       used 33527K, capacity 35346K, committed 35416K, reserved 1079296K
  class space    used 4338K, capacity 4849K, committed 4864K, reserved 1048576K
Event: 9.282 GC heap after
Heap after GC invocations=11 (full 2):
 PSYoungGen      total 106496K, used 0K [0x00000000ead80000, 0x00000000f3a80000, 0x0000000100000000)
  eden space 101376K, 0% used [0x00000000ead80000,0x00000000ead80000,0x00000000f1080000)
  from space 5120K, 0% used [0x00000000f1080000,0x00000000f1080000,0x00000000f1580000)
  to   space 6144K, 0% used [0x00000000f3480000,0x00000000f3480000,0x00000000f3a80000)
 ParOldGen       total 54784K, used 17042K [0x00000000c0800000, 0x00000000c3d80000, 0x00000000ead80000)
  object space 54784K, 31% used [0x00000000c0800000,0x00000000c18a49c0,0x00000000c3d80000)
 Metaspace       used 33527K, capacity 35346K, committed 35416K, reserved 1079296K
  class space    used 4338K, capacity 4849K, committed 4864K, reserved 1048576K
}
Event: 9.733 GC heap before
{Heap before GC invocations=12 (full 2):
 PSYoungGen      total 106496K, used 101376K [0x00000000ead80000, 0x00000000f3a80000, 0x0000000100000000)
  eden space 101376K, 100% used [0x00000000ead80000,0x00000000f1080000,0x00000000f1080000)
  from space 5120K, 0% used [0x00000000f1080000,0x00000000f1080000,0x00000000f1580000)
  to   space 6144K, 0% used [0x00000000f3480000,0x00000000f3480000,0x00000000f3a80000)
 ParOldGen       total 54784K, used 17042K [0x00000000c0800000, 0x00000000c3d80000, 0x00000000ead80000)
  object space 54784K, 31% used [0x00000000c0800000,0x00000000c18a49c0,0x00000000c3d80000)
 Metaspace       used 34834K, capacity 36658K, committed 36992K, reserved 1081344K
  class space    used 4576K, capacity 5137K, committed 5248K, reserved 1048576K
Event: 9.737 GC heap after
Heap after GC invocations=12 (full 2):
 PSYoungGen      total 132096K, used 771K [0x00000000ead80000, 0x00000000f3780000, 0x0000000100000000)
  eden space 129024K, 0% used [0x00000000ead80000,0x00000000ead80000,0x00000000f2b80000)
  from space 3072K, 25% used [0x00000000f3480000,0x00000000f3540c88,0x00000000f3780000)
  to   space 6144K, 0% used [0x00000000f2b80000,0x00000000f2b80000,0x00000000f3180000)
 ParOldGen       total 54784K, used 17050K [0x00000000c0800000, 0x00000000c3d80000, 0x00000000ead80000)
  object space 54784K, 31% used [0x00000000c0800000,0x00000000c18a69c0,0x00000000c3d80000)
 Metaspace       used 34834K, capacity 36658K, committed 36992K, reserved 1081344K
  class space    used 4576K, capacity 5137K, committed 5248K, reserved 1048576K
}
Event: 13.116 GC heap before
{Heap before GC invocations=13 (full 2):
 PSYoungGen      total 132096K, used 129795K [0x00000000ead80000, 0x00000000f3780000, 0x0000000100000000)
  eden space 129024K, 100% used [0x00000000ead80000,0x00000000f2b80000,0x00000000f2b80000)
  from space 3072K, 25% used [0x00000000f3480000,0x00000000f3540c88,0x00000000f3780000)
  to   space 6144K, 0% used [0x00000000f2b80000,0x00000000f2b80000,0x00000000f3180000)
 ParOldGen       total 54784K, used 17050K [0x00000000c0800000, 0x00000000c3d80000, 0x00000000ead80000)
  object space 54784K, 31% used [0x00000000c0800000,0x00000000c18a69c0,0x00000000c3d80000)
 Metaspace       used 46174K, capacity 48414K, committed 48512K, reserved 1091584K
  class space    used 6364K, capacity 7008K, committed 7040K, reserved 1048576K
Event: 13.138 GC heap after
Heap after GC invocations=13 (full 2):
 PSYoungGen      total 135168K, used 6118K [0x00000000ead80000, 0x00000000f5f80000, 0x0000000100000000)
  eden space 129024K, 0% used [0x00000000ead80000,0x00000000ead80000,0x00000000f2b80000)
  from space 6144K, 99% used [0x00000000f2b80000,0x00000000f31799b0,0x00000000f3180000)
  to   space 10752K, 0% used [0x00000000f5500000,0x00000000f5500000,0x00000000f5f80000)
 ParOldGen       total 54784K, used 26892K [0x00000000c0800000, 0x00000000c3d80000, 0x00000000ead80000)
  object space 54784K, 49% used [0x00000000c0800000,0x00000000c2243048,0x00000000c3d80000)
 Metaspace       used 46174K, capacity 48414K, committed 48512K, reserved 1091584K
  class space    used 6364K, capacity 7008K, committed 7040K, reserved 1048576K
}
Event: 13.419 GC heap before
{Heap before GC invocations=14 (full 2):
 PSYoungGen      total 135168K, used 135142K [0x00000000ead80000, 0x00000000f5f80000, 0x0000000100000000)
  eden space 129024K, 100% used [0x00000000ead80000,0x00000000f2b80000,0x00000000f2b80000)
  from space 6144K, 99% used [0x00000000f2b80000,0x00000000f31799b0,0x00000000f3180000)
  to   space 10752K, 0% used [0x00000000f5500000,0x00000000f5500000,0x00000000f5f80000)
 ParOldGen       total 54784K, used 26892K [0x00000000c0800000, 0x00000000c3d80000, 0x00000000ead80000)
  object space 54784K, 49% used [0x00000000c0800000,0x00000000c2243048,0x00000000c3d80000)
 Metaspace       used 46450K, capacity 48554K, committed 48896K, reserved 1091584K
  class space    used 6430K, capacity 7074K, committed 7168K, reserved 1048576K
Event: 13.432 GC heap after
Heap after GC invocations=14 (full 2):
 PSYoungGen      total 171520K, used 5732K [0x00000000ead80000, 0x00000000f6580000, 0x0000000100000000)
  eden space 160768K, 0% used [0x00000000ead80000,0x00000000ead80000,0x00000000f4a80000)
  from space 10752K, 53% used [0x00000000f5500000,0x00000000f5a99000,0x00000000f5f80000)
  to   space 10752K, 0% used [0x00000000f4a80000,0x00000000f4a80000,0x00000000f5500000)
 ParOldGen       total 54784K, used 27484K [0x00000000c0800000, 0x00000000c3d80000, 0x00000000ead80000)
  object space 54784K, 50% used [0x00000000c0800000,0x00000000c22d70b8,0x00000000c3d80000)
 Metaspace       used 46450K, capacity 48554K, committed 48896K, reserved 1091584K
  class space    used 6430K, capacity 7074K, committed 7168K, reserved 1048576K
}

