# JRE version: Java(TM) SE Runtime Environment (8.0_51-b16) (build 1.8.0_51-b16)
# Java VM: Java HotSpot(TM) 64-Bit Server VM (25.51-b03 mixed mode windows-amd64 compressed oops)
Heap:
 PSYoungGen      total 185856K, used 81669K [0x00000000ead80000, 0x00000000f7500000, 0x0000000100000000)
  eden space 176640K, 41% used [0x00000000ead80000,0x00000000ef443140,0x00000000f5a00000)
  from space 9216K, 99% used [0x00000000f6700000,0x00000000f6ffe560,0x00000000f7000000)
  to   space 13312K, 0% used [0x00000000f5a00000,0x00000000f5a00000,0x00000000f6700000)
 ParOldGen       total 57856K, used 32333K [0x00000000c0800000, 0x00000000c4080000, 0x00000000ead80000)
  object space 57856K, 55% used [0x00000000c0800000,0x00000000c27937c8,0x00000000c4080000)
 Metaspace       used 48002K, capacity 50056K, committed 50224K, reserved 1091584K
  class space    used 6496K, capacity 7118K, committed 7216K, reserved 1048576K
GC Heap History (10 events):
Event: 9.499 GC heap before
{Heap before GC invocations=8 (full 1):
 PSYoungGen      total 100864K, used 100500K [0x00000000ead80000, 0x00000000f3580000, 0x0000000100000000)
  eden space 97792K, 100% used [0x00000000ead80000,0x00000000f0d00000,0x00000000f0d00000)
  from space 3072K, 88% used [0x00000000f3280000,0x00000000f35251e0,0x00000000f3580000)
  to   space 5120K, 0% used [0x00000000f2b80000,0x00000000f2b80000,0x00000000f3080000)
 ParOldGen       total 33280K, used 6574K [0x00000000c0800000, 0x00000000c2880000, 0x00000000ead80000)
  object space 33280K, 19% used [0x00000000c0800000,0x00000000c0e6b8c0,0x00000000c2880000)
 Metaspace       used 32347K, capacity 34198K, committed 34480K, reserved 1079296K
  class space    used 4137K, capacity 4679K, committed 4784K, reserved 1048576K
Event: 9.523 GC heap after
Heap after GC invocations=8 (full 1):
 PSYoungGen      total 134144K, used 5115K [0x00000000ead80000, 0x00000000f4980000, 0x0000000100000000)
  eden space 129024K, 0% used [0x00000000ead80000,0x00000000ead80000,0x00000000f2b80000)
  from space 5120K, 99% used [0x00000000f2b80000,0x00000000f307ef60,0x00000000f3080000)
  to   space 8704K, 0% used [0x00000000f4100000,0x00000000f4100000,0x00000000f4980000)
 ParOldGen       total 33280K, used 12190K [0x00000000c0800000, 0x00000000c2880000, 0x00000000ead80000)
  object space 33280K, 36% used [0x00000000c0800000,0x00000000c13e7ad0,0x00000000c2880000)
 Metaspace       used 32347K, capacity 34198K, committed 34480K, reserved 1079296K
  class space    used 4137K, capacity 4679K, committed 4784K, reserved 1048576K
}
Event: 9.920 GC heap before
{Heap before GC invocations=9 (full 1):
 PSYoungGen      total 134144K, used 64279K [0x00000000ead80000, 0x00000000f4980000, 0x0000000100000000)
  eden space 129024K, 45% used [0x00000000ead80000,0x00000000ee747060,0x00000000f2b80000)
  from space 5120K, 99% used [0x00000000f2b80000,0x00000000f307ef60,0x00000000f3080000)
  to   space 8704K, 0% used [0x00000000f4100000,0x00000000f4100000,0x00000000f4980000)
 ParOldGen       total 33280K, used 12190K [0x00000000c0800000, 0x00000000c2880000, 0x00000000ead80000)
  object space 33280K, 36% used [0x00000000c0800000,0x00000000c13e7ad0,0x00000000c2880000)
 Metaspace       used 33538K, capacity 35350K, committed 35496K, reserved 1079296K
  class space    used 4309K, capacity 4807K, committed 4912K, reserved 1048576K
Event: 9.934 GC heap after
Heap after GC invocations=9 (full 1):
 PSYoungGen      total 151040K, used 5518K [0x00000000ead80000, 0x00000000f7d80000, 0x0000000100000000)
  eden space 142336K, 0% used [0x00000000ead80000,0x00000000ead80000,0x00000000f3880000)
  from space 8704K, 63% used [0x00000000f4100000,0x00000000f4663ba8,0x00000000f4980000)
  to   space 8704K, 0% used [0x00000000f3880000,0x00000000f3880000,0x00000000f4100000)
 ParOldGen       total 33280K, used 12198K [0x00000000c0800000, 0x00000000c2880000, 0x00000000ead80000)
  object space 33280K, 36% used [0x00000000c0800000,0x00000000c13e9ad0,0x00000000c2880000)
 Metaspace       used 33538K, capacity 35350K, committed 35496K, reserved 1079296K
  class space    used 4309K, capacity 4807K, committed 4912K, reserved 1048576K
}
Event: 9.934 GC heap before
{Heap before GC invocations=10 (full 2):
 PSYoungGen      total 151040K, used 5518K [0x00000000ead80000, 0x00000000f7d80000, 0x0000000100000000)
  eden space 142336K, 0% used [0x00000000ead80000,0x00000000ead80000,0x00000000f3880000)
  from space 8704K, 63% used [0x00000000f4100000,0x00000000f4663ba8,0x00000000f4980000)
  to   space 8704K, 0% used [0x00000000f3880000,0x00000000f3880000,0x00000000f4100000)
 ParOldGen       total 33280K, used 12198K [0x00000000c0800000, 0x00000000c2880000, 0x00000000ead80000)
  object space 33280K, 36% used [0x00000000c0800000,0x00000000c13e9ad0,0x00000000c2880000)
 Metaspace       used 33538K, capacity 35350K, committed 35496K, reserved 1079296K
  class space    used 4309K, capacity 4807K, committed 4912K, reserved 1048576K
Event: 10.056 GC heap after
Heap after GC invocations=10 (full 2):
 PSYoungGen      total 151040K, used 0K [0x00000000ead80000, 0x00000000f7d80000, 0x0000000100000000)
  eden space 142336K, 0% used [0x00000000ead80000,0x00000000ead80000,0x00000000f3880000)
  from space 8704K, 0% used [0x00000000f4100000,0x00000000f4100000,0x00000000f4980000)
  to   space 8704K, 0% used [0x00000000f3880000,0x00000000f3880000,0x00000000f4100000)
 ParOldGen       total 57856K, used 16970K [0x00000000c0800000, 0x00000000c4080000, 0x00000000ead80000)
  object space 57856K, 29% used [0x00000000c0800000,0x00000000c1892ab0,0x00000000c4080000)
 Metaspace       used 33538K, capacity 35350K, committed 35496K, reserved 1079296K
  class space    used 4309K, capacity 4807K, committed 4912K, reserved 1048576K
}
Event: 17.242 GC heap before
{Heap before GC invocations=11 (full 2):
 PSYoungGen      total 151040K, used 142336K [0x00000000ead80000, 0x00000000f7d80000, 0x0000000100000000)
  eden space 142336K, 100% used [0x00000000ead80000,0x00000000f3880000,0x00000000f3880000)
  from space 8704K, 0% used [0x00000000f4100000,0x00000000f4100000,0x00000000f4980000)
  to   space 8704K, 0% used [0x00000000f3880000,0x00000000f3880000,0x00000000f4100000)
 ParOldGen       total 57856K, used 16970K [0x00000000c0800000, 0x00000000c4080000, 0x00000000ead80000)
  object space 57856K, 29% used [0x00000000c0800000,0x00000000c1892ab0,0x00000000c4080000)
 Metaspace       used 45143K, capacity 47096K, committed 47280K, reserved 1089536K
  class space    used 6165K, capacity 6741K, committed 6832K, reserved 1048576K
Event: 17.281 GC heap after
Heap after GC invocations=11 (full 2):
 PSYoungGen      total 151040K, used 7184K [0x00000000ead80000, 0x00000000f7000000, 0x0000000100000000)
  eden space 142336K, 0% used [0x00000000ead80000,0x00000000ead80000,0x00000000f3880000)
  from space 8704K, 82% used [0x00000000f3880000,0x00000000f3f84250,0x00000000f4100000)
  to   space 9216K, 0% used [0x00000000f6700000,0x00000000f6700000,0x00000000f7000000)
 ParOldGen       total 57856K, used 25170K [0x00000000c0800000, 0x00000000c4080000, 0x00000000ead80000)
  object space 57856K, 43% used [0x00000000c0800000,0x00000000c2094ac0,0x00000000c4080000)
 Metaspace       used 45143K, capacity 47096K, committed 47280K, reserved 1089536K
  class space    used 6165K, capacity 6741K, committed 6832K, reserved 1048576K
}
Event: 20.697 GC heap before
{Heap before GC invocations=12 (full 2):
 PSYoungGen      total 151040K, used 149520K [0x00000000ead80000, 0x00000000f7000000, 0x0000000100000000)
  eden space 142336K, 100% used [0x00000000ead80000,0x00000000f3880000,0x00000000f3880000)
  from space 8704K, 82% used [0x00000000f3880000,0x00000000f3f84250,0x00000000f4100000)
  to   space 9216K, 0% used [0x00000000f6700000,0x00000000f6700000,0x00000000f7000000)
 ParOldGen       total 57856K, used 25170K [0x00000000c0800000, 0x00000000c4080000, 0x00000000ead80000)
  object space 57856K, 43% used [0x00000000c0800000,0x00000000c2094ac0,0x00000000c4080000)
 Metaspace       used 47407K, capacity 49476K, committed 49584K, reserved 1091584K
  class space    used 6465K, capacity 7080K, committed 7088K, reserved 1048576K
Event: 20.722 GC heap after
Heap after GC invocations=12 (full 2):
 PSYoungGen      total 185856K, used 9209K [0x00000000ead80000, 0x00000000f7500000, 0x0000000100000000)
  eden space 176640K, 0% used [0x00000000ead80000,0x00000000ead80000,0x00000000f5a00000)
  from space 9216K, 99% used [0x00000000f6700000,0x00000000f6ffe560,0x00000000f7000000)
  to   space 13312K, 0% used [0x00000000f5a00000,0x00000000f5a00000,0x00000000f6700000)
 ParOldGen       total 57856K, used 32333K [0x00000000c0800000, 0x00000000c4080000, 0x00000000ead80000)
  object space 57856K, 55% used [0x00000000c0800000,0x00000000c27937c8,0x00000000c4080000)
 Metaspace       used 47407K, capacity 49476K, committed 49584K, reserved 1091584K
  class space    used 6465K, capacity 7080K, committed 7088K, reserved 1048576K
}

