# JRE version: Java(TM) SE Runtime Environment (8.0_51-b16) (build 1.8.0_51-b16)
# Java VM: Java HotSpot(TM) 64-Bit Server VM (25.51-b03 mixed mode windows-amd64 compressed oops)
Heap:
 PSYoungGen      total 160256K, used 62491K [0x00000000ead80000, 0x00000000f6380000, 0x0000000100000000)
  eden space 152064K, 35% used [0x00000000ead80000,0x00000000ee28adc8,0x00000000f4200000)
  from space 8192K, 99% used [0x00000000f4f00000,0x00000000f56fc050,0x00000000f5700000)
  to   space 13312K, 0% used [0x00000000f4200000,0x00000000f4200000,0x00000000f4f00000)
 ParOldGen       total 62464K, used 27700K [0x00000000c0800000, 0x00000000c4500000, 0x00000000ead80000)
  object space 62464K, 44% used [0x00000000c0800000,0x00000000c230d030,0x00000000c4500000)
 Metaspace       used 47172K, capacity 49206K, committed 49328K, reserved 1091584K
  class space    used 6415K, capacity 7008K, committed 7088K, reserved 1048576K
GC Heap History (10 events):
Event: 9.623 GC heap before
{Heap before GC invocations=8 (full 1):
 PSYoungGen      total 94720K, used 94388K [0x00000000ead80000, 0x00000000f3580000, 0x0000000100000000)
  eden space 91648K, 100% used [0x00000000ead80000,0x00000000f0700000,0x00000000f0700000)
  from space 3072K, 89% used [0x00000000f3280000,0x00000000f352d1c0,0x00000000f3580000)
  to   space 5120K, 0% used [0x00000000f2b80000,0x00000000f2b80000,0x00000000f3080000)
 ParOldGen       total 34816K, used 6583K [0x00000000c0800000, 0x00000000c2a00000, 0x00000000ead80000)
  object space 34816K, 18% used [0x00000000c0800000,0x00000000c0e6dca8,0x00000000c2a00000)
 Metaspace       used 32198K, capacity 33982K, committed 34352K, reserved 1079296K
  class space    used 4064K, capacity 4548K, committed 4656K, reserved 1048576K
Event: 9.640 GC heap after
Heap after GC invocations=8 (full 1):
 PSYoungGen      total 129536K, used 5098K [0x00000000ead80000, 0x00000000f3700000, 0x0000000100000000)
  eden space 124416K, 0% used [0x00000000ead80000,0x00000000ead80000,0x00000000f2700000)
  from space 5120K, 99% used [0x00000000f2b80000,0x00000000f307aa20,0x00000000f3080000)
  to   space 6656K, 0% used [0x00000000f3080000,0x00000000f3080000,0x00000000f3700000)
 ParOldGen       total 34816K, used 11967K [0x00000000c0800000, 0x00000000c2a00000, 0x00000000ead80000)
  object space 34816K, 34% used [0x00000000c0800000,0x00000000c13afeb8,0x00000000c2a00000)
 Metaspace       used 32198K, capacity 33982K, committed 34352K, reserved 1079296K
  class space    used 4064K, capacity 4548K, committed 4656K, reserved 1048576K
}
Event: 10.218 GC heap before
{Heap before GC invocations=9 (full 1):
 PSYoungGen      total 129536K, used 118596K [0x00000000ead80000, 0x00000000f3700000, 0x0000000100000000)
  eden space 124416K, 91% used [0x00000000ead80000,0x00000000f1c567d8,0x00000000f2700000)
  from space 5120K, 99% used [0x00000000f2b80000,0x00000000f307aa20,0x00000000f3080000)
  to   space 6656K, 0% used [0x00000000f3080000,0x00000000f3080000,0x00000000f3700000)
 ParOldGen       total 34816K, used 11967K [0x00000000c0800000, 0x00000000c2a00000, 0x00000000ead80000)
  object space 34816K, 34% used [0x00000000c0800000,0x00000000c13afeb8,0x00000000c2a00000)
 Metaspace       used 33546K, capacity 35350K, committed 35496K, reserved 1079296K
  class space    used 4308K, capacity 4807K, committed 4912K, reserved 1048576K
Event: 10.235 GC heap after
Heap after GC invocations=9 (full 1):
 PSYoungGen      total 132096K, used 5917K [0x00000000ead80000, 0x00000000f6d00000, 0x0000000100000000)
  eden space 125440K, 0% used [0x00000000ead80000,0x00000000ead80000,0x00000000f2800000)
  from space 6656K, 88% used [0x00000000f3080000,0x00000000f3647778,0x00000000f3700000)
  to   space 8704K, 0% used [0x00000000f2800000,0x00000000f2800000,0x00000000f3080000)
 ParOldGen       total 34816K, used 11975K [0x00000000c0800000, 0x00000000c2a00000, 0x00000000ead80000)
  object space 34816K, 34% used [0x00000000c0800000,0x00000000c13b1eb8,0x00000000c2a00000)
 Metaspace       used 33546K, capacity 35350K, committed 35496K, reserved 1079296K
  class space    used 4308K, capacity 4807K, committed 4912K, reserved 1048576K
}
Event: 10.235 GC heap before
{Heap before GC invocations=10 (full 2):
 PSYoungGen      total 132096K, used 5917K [0x00000000ead80000, 0x00000000f6d00000, 0x0000000100000000)
  eden space 125440K, 0% used [0x00000000ead80000,0x00000000ead80000,0x00000000f2800000)
  from space 6656K, 88% used [0x00000000f3080000,0x00000000f3647778,0x00000000f3700000)
  to   space 8704K, 0% used [0x00000000f2800000,0x00000000f2800000,0x00000000f3080000)
 ParOldGen       total 34816K, used 11975K [0x00000000c0800000, 0x00000000c2a00000, 0x00000000ead80000)
  object space 34816K, 34% used [0x00000000c0800000,0x00000000c13b1eb8,0x00000000c2a00000)
 Metaspace       used 33546K, capacity 35350K, committed 35496K, reserved 1079296K
  class space    used 4308K, capacity 4807K, committed 4912K, reserved 1048576K
Event: 10.350 GC heap after
Heap after GC invocations=10 (full 2):
 PSYoungGen      total 132096K, used 0K [0x00000000ead80000, 0x00000000f6d00000, 0x0000000100000000)
  eden space 125440K, 0% used [0x00000000ead80000,0x00000000ead80000,0x00000000f2800000)
  from space 6656K, 0% used [0x00000000f3080000,0x00000000f3080000,0x00000000f3700000)
  to   space 8704K, 0% used [0x00000000f2800000,0x00000000f2800000,0x00000000f3080000)
 ParOldGen       total 62464K, used 17123K [0x00000000c0800000, 0x00000000c4500000, 0x00000000ead80000)
  object space 62464K, 27% used [0x00000000c0800000,0x00000000c18b8f38,0x00000000c4500000)
 Metaspace       used 33546K, capacity 35350K, committed 35496K, reserved 1079296K
  class space    used 4308K, capacity 4807K, committed 4912K, reserved 1048576K
}
Event: 12.154 GC heap before
{Heap before GC invocations=11 (full 2):
 PSYoungGen      total 132096K, used 125440K [0x00000000ead80000, 0x00000000f6d00000, 0x0000000100000000)
  eden space 125440K, 100% used [0x00000000ead80000,0x00000000f2800000,0x00000000f2800000)
  from space 6656K, 0% used [0x00000000f3080000,0x00000000f3080000,0x00000000f3700000)
  to   space 8704K, 0% used [0x00000000f2800000,0x00000000f2800000,0x00000000f3080000)
 ParOldGen       total 62464K, used 17123K [0x00000000c0800000, 0x00000000c4500000, 0x00000000ead80000)
  object space 62464K, 27% used [0x00000000c0800000,0x00000000c18b8f38,0x00000000c4500000)
 Metaspace       used 44071K, capacity 45896K, committed 46256K, reserved 1089536K
  class space    used 6005K, capacity 6541K, committed 6576K, reserved 1048576K
Event: 12.172 GC heap after
Heap after GC invocations=11 (full 2):
 PSYoungGen      total 134144K, used 4373K [0x00000000ead80000, 0x00000000f5700000, 0x0000000100000000)
  eden space 125440K, 0% used [0x00000000ead80000,0x00000000ead80000,0x00000000f2800000)
  from space 8704K, 50% used [0x00000000f2800000,0x00000000f2c45460,0x00000000f3080000)
  to   space 8192K, 0% used [0x00000000f4f00000,0x00000000f4f00000,0x00000000f5700000)
 ParOldGen       total 62464K, used 17131K [0x00000000c0800000, 0x00000000c4500000, 0x00000000ead80000)
  object space 62464K, 27% used [0x00000000c0800000,0x00000000c18baf38,0x00000000c4500000)
 Metaspace       used 44071K, capacity 45896K, committed 46256K, reserved 1089536K
  class space    used 6005K, capacity 6541K, committed 6576K, reserved 1048576K
}
Event: 13.092 GC heap before
{Heap before GC invocations=12 (full 2):
 PSYoungGen      total 134144K, used 129813K [0x00000000ead80000, 0x00000000f5700000, 0x0000000100000000)
  eden space 125440K, 100% used [0x00000000ead80000,0x00000000f2800000,0x00000000f2800000)
  from space 8704K, 50% used [0x00000000f2800000,0x00000000f2c45460,0x00000000f3080000)
  to   space 8192K, 0% used [0x00000000f4f00000,0x00000000f4f00000,0x00000000f5700000)
 ParOldGen       total 62464K, used 17131K [0x00000000c0800000, 0x00000000c4500000, 0x00000000ead80000)
  object space 62464K, 27% used [0x00000000c0800000,0x00000000c18baf38,0x00000000c4500000)
 Metaspace       used 46209K, capacity 48260K, committed 48432K, reserved 1091584K
  class space    used 6358K, capacity 6935K, committed 6960K, reserved 1048576K
Event: 13.114 GC heap after
Heap after GC invocations=12 (full 2):
 PSYoungGen      total 160256K, used 8176K [0x00000000ead80000, 0x00000000f6380000, 0x0000000100000000)
  eden space 152064K, 0% used [0x00000000ead80000,0x00000000ead80000,0x00000000f4200000)
  from space 8192K, 99% used [0x00000000f4f00000,0x00000000f56fc050,0x00000000f5700000)
  to   space 13312K, 0% used [0x00000000f4200000,0x00000000f4200000,0x00000000f4f00000)
 ParOldGen       total 62464K, used 27700K [0x00000000c0800000, 0x00000000c4500000, 0x00000000ead80000)
  object space 62464K, 44% used [0x00000000c0800000,0x00000000c230d030,0x00000000c4500000)
 Metaspace       used 46209K, capacity 48260K, committed 48432K, reserved 1091584K
  class space    used 6358K, capacity 6935K, committed 6960K, reserved 1048576K
}

