# JRE version: Java(TM) SE Runtime Environment (8.0_51-b16) (build 1.8.0_51-b16)
# Java VM: Java HotSpot(TM) 64-Bit Server VM (25.51-b03 mixed mode windows-amd64 compressed oops)
Heap:
 PSYoungGen      total 306176K, used 145364K [0x00000000ead80000, 0x00000000ff300000, 0x0000000100000000)
  eden space 289280K, 45% used [0x00000000ead80000,0x00000000f2cd0a88,0x00000000fc800000)
  from space 16896K, 88% used [0x00000000fe280000,0x00000000ff124928,0x00000000ff300000)
  to   space 22016K, 0% used [0x00000000fc800000,0x00000000fc800000,0x00000000fdd80000)
 ParOldGen       total 117248K, used 68835K [0x00000000c0800000, 0x00000000c7a80000, 0x00000000ead80000)
  object space 117248K, 58% used [0x00000000c0800000,0x00000000c4b38cb0,0x00000000c7a80000)
 Metaspace       used 69177K, capacity 72190K, committed 72496K, reserved 1110016K
  class space    used 11755K, capacity 12484K, committed 12592K, reserved 1048576K
GC Heap History (10 events):
Event: 27.293 GC heap before
{Heap before GC invocations=17 (full 3):
 PSYoungGen      total 181248K, used 167228K [0x00000000ead80000, 0x00000000f9e80000, 0x0000000100000000)
  eden space 158208K, 100% used [0x00000000ead80000,0x00000000f4800000,0x00000000f4800000)
  from space 23040K, 39% used [0x00000000f4800000,0x00000000f50cf208,0x00000000f5e80000)
  to   space 22016K, 0% used [0x00000000f8900000,0x00000000f8900000,0x00000000f9e80000)
 ParOldGen       total 117248K, used 64566K [0x00000000c0800000, 0x00000000c7a80000, 0x00000000ead80000)
  object space 117248K, 55% used [0x00000000c0800000,0x00000000c470d8b8,0x00000000c7a80000)
 Metaspace       used 63083K, capacity 65994K, committed 66096K, reserved 1103872K
  class space    used 10841K, capacity 11557K, committed 11568K, reserved 1048576K
Event: 27.358 GC heap after
Heap after GC invocations=17 (full 3):
 PSYoungGen      total 225792K, used 9459K [0x00000000ead80000, 0x00000000fa000000, 0x0000000100000000)
  eden space 203776K, 0% used [0x00000000ead80000,0x00000000ead80000,0x00000000f7480000)
  from space 22016K, 42% used [0x00000000f8900000,0x00000000f923cfd0,0x00000000f9e80000)
  to   space 20992K, 0% used [0x00000000f7480000,0x00000000f7480000,0x00000000f8900000)
 ParOldGen       total 117248K, used 64574K [0x00000000c0800000, 0x00000000c7a80000, 0x00000000ead80000)
  object space 117248K, 55% used [0x00000000c0800000,0x00000000c470f8b8,0x00000000c7a80000)
 Metaspace       used 63083K, capacity 65994K, committed 66096K, reserved 1103872K
  class space    used 10841K, capacity 11557K, committed 11568K, reserved 1048576K
}
Event: 28.967 GC heap before
{Heap before GC invocations=18 (full 3):
 PSYoungGen      total 225792K, used 213235K [0x00000000ead80000, 0x00000000fa000000, 0x0000000100000000)
  eden space 203776K, 100% used [0x00000000ead80000,0x00000000f7480000,0x00000000f7480000)
  from space 22016K, 42% used [0x00000000f8900000,0x00000000f923cfd0,0x00000000f9e80000)
  to   space 20992K, 0% used [0x00000000f7480000,0x00000000f7480000,0x00000000f8900000)
 ParOldGen       total 117248K, used 64574K [0x00000000c0800000, 0x00000000c7a80000, 0x00000000ead80000)
  object space 117248K, 55% used [0x00000000c0800000,0x00000000c470f8b8,0x00000000c7a80000)
 Metaspace       used 64193K, capacity 67220K, committed 67248K, reserved 1105920K
  class space    used 10978K, capacity 11696K, committed 11696K, reserved 1048576K
Event: 28.989 GC heap after
Heap after GC invocations=18 (full 3):
 PSYoungGen      total 224768K, used 3244K [0x00000000ead80000, 0x00000000fd480000, 0x0000000100000000)
  eden space 203776K, 0% used [0x00000000ead80000,0x00000000ead80000,0x00000000f7480000)
  from space 20992K, 15% used [0x00000000f7480000,0x00000000f77ab360,0x00000000f8900000)
  to   space 20480K, 0% used [0x00000000fc080000,0x00000000fc080000,0x00000000fd480000)
 ParOldGen       total 117248K, used 68811K [0x00000000c0800000, 0x00000000c7a80000, 0x00000000ead80000)
  object space 117248K, 58% used [0x00000000c0800000,0x00000000c4b32cb0,0x00000000c7a80000)
 Metaspace       used 64193K, capacity 67220K, committed 67248K, reserved 1105920K
  class space    used 10978K, capacity 11696K, committed 11696K, reserved 1048576K
}
Event: 30.067 GC heap before
{Heap before GC invocations=19 (full 3):
 PSYoungGen      total 224768K, used 207020K [0x00000000ead80000, 0x00000000fd480000, 0x0000000100000000)
  eden space 203776K, 100% used [0x00000000ead80000,0x00000000f7480000,0x00000000f7480000)
  from space 20992K, 15% used [0x00000000f7480000,0x00000000f77ab360,0x00000000f8900000)
  to   space 20480K, 0% used [0x00000000fc080000,0x00000000fc080000,0x00000000fd480000)
 ParOldGen       total 117248K, used 68811K [0x00000000c0800000, 0x00000000c7a80000, 0x00000000ead80000)
  object space 117248K, 58% used [0x00000000c0800000,0x00000000c4b32cb0,0x00000000c7a80000)
 Metaspace       used 64682K, capacity 67744K, committed 67888K, reserved 1105920K
  class space    used 11023K, capacity 11762K, committed 11824K, reserved 1048576K
Event: 30.079 GC heap after
Heap after GC invocations=19 (full 3):
 PSYoungGen      total 271360K, used 4337K [0x00000000ead80000, 0x00000000fcf00000, 0x0000000100000000)
  eden space 256512K, 0% used [0x00000000ead80000,0x00000000ead80000,0x00000000fa800000)
  from space 14848K, 29% used [0x00000000fc080000,0x00000000fc4bc480,0x00000000fcf00000)
  to   space 19968K, 0% used [0x00000000fa800000,0x00000000fa800000,0x00000000fbb80000)
 ParOldGen       total 117248K, used 68819K [0x00000000c0800000, 0x00000000c7a80000, 0x00000000ead80000)
  object space 117248K, 58% used [0x00000000c0800000,0x00000000c4b34cb0,0x00000000c7a80000)
 Metaspace       used 64682K, capacity 67744K, committed 67888K, reserved 1105920K
  class space    used 11023K, capacity 11762K, committed 11824K, reserved 1048576K
}
Event: 34.658 GC heap before
{Heap before GC invocations=20 (full 3):
 PSYoungGen      total 271360K, used 260849K [0x00000000ead80000, 0x00000000fcf00000, 0x0000000100000000)
  eden space 256512K, 100% used [0x00000000ead80000,0x00000000fa800000,0x00000000fa800000)
  from space 14848K, 29% used [0x00000000fc080000,0x00000000fc4bc480,0x00000000fcf00000)
  to   space 19968K, 0% used [0x00000000fa800000,0x00000000fa800000,0x00000000fbb80000)
 ParOldGen       total 117248K, used 68819K [0x00000000c0800000, 0x00000000c7a80000, 0x00000000ead80000)
  object space 117248K, 58% used [0x00000000c0800000,0x00000000c4b34cb0,0x00000000c7a80000)
 Metaspace       used 64934K, capacity 67942K, committed 68144K, reserved 1105920K
  class space    used 11036K, capacity 11763K, committed 11824K, reserved 1048576K
Event: 34.681 GC heap after
Heap after GC invocations=20 (full 3):
 PSYoungGen      total 276480K, used 12159K [0x00000000ead80000, 0x00000000ff680000, 0x0000000100000000)
  eden space 256512K, 0% used [0x00000000ead80000,0x00000000ead80000,0x00000000fa800000)
  from space 19968K, 60% used [0x00000000fa800000,0x00000000fb3dffa8,0x00000000fbb80000)
  to   space 20480K, 0% used [0x00000000fe280000,0x00000000fe280000,0x00000000ff680000)
 ParOldGen       total 117248K, used 68827K [0x00000000c0800000, 0x00000000c7a80000, 0x00000000ead80000)
  object space 117248K, 58% used [0x00000000c0800000,0x00000000c4b36cb0,0x00000000c7a80000)
 Metaspace       used 64934K, capacity 67942K, committed 68144K, reserved 1105920K
  class space    used 11036K, capacity 11763K, committed 11824K, reserved 1048576K
}
Event: 88.165 GC heap before
{Heap before GC invocations=21 (full 3):
 PSYoungGen      total 276480K, used 268671K [0x00000000ead80000, 0x00000000ff680000, 0x0000000100000000)
  eden space 256512K, 100% used [0x00000000ead80000,0x00000000fa800000,0x00000000fa800000)
  from space 19968K, 60% used [0x00000000fa800000,0x00000000fb3dffa8,0x00000000fbb80000)
  to   space 20480K, 0% used [0x00000000fe280000,0x00000000fe280000,0x00000000ff680000)
 ParOldGen       total 117248K, used 68827K [0x00000000c0800000, 0x00000000c7a80000, 0x00000000ead80000)
  object space 117248K, 58% used [0x00000000c0800000,0x00000000c4b36cb0,0x00000000c7a80000)
 Metaspace       used 67921K, capacity 71046K, committed 71344K, reserved 1107968K
  class space    used 11571K, capacity 12346K, committed 12464K, reserved 1048576K
Event: 88.198 GC heap after
Heap after GC invocations=21 (full 3):
 PSYoungGen      total 306176K, used 14994K [0x00000000ead80000, 0x00000000ff300000, 0x0000000100000000)
  eden space 289280K, 0% used [0x00000000ead80000,0x00000000ead80000,0x00000000fc800000)
  from space 16896K, 88% used [0x00000000fe280000,0x00000000ff124928,0x00000000ff300000)
  to   space 22016K, 0% used [0x00000000fc800000,0x00000000fc800000,0x00000000fdd80000)
 ParOldGen       total 117248K, used 68835K [0x00000000c0800000, 0x00000000c7a80000, 0x00000000ead80000)
  object space 117248K, 58% used [0x00000000c0800000,0x00000000c4b38cb0,0x00000000c7a80000)
 Metaspace       used 67921K, capacity 71046K, committed 71344K, reserved 1107968K
  class space    used 11571K, capacity 12346K, committed 12464K, reserved 1048576K
}

