# JRE version: Java(TM) SE Runtime Environment (8.0_51-b16) (build 1.8.0_51-b16)
# Java VM: Java HotSpot(TM) 64-Bit Server VM (25.51-b03 mixed mode windows-amd64 compressed oops)
Heap:
 PSYoungGen      total 296960K, used 50232K [0x00000000ead80000, 0x00000000fe600000, 0x0000000100000000)
  eden space 282112K, 12% used [0x00000000ead80000,0x00000000ed12f738,0x00000000fc100000)
  from space 14848K, 92% used [0x00000000fd780000,0x00000000fe4de978,0x00000000fe600000)
  to   space 18944K, 0% used [0x00000000fc100000,0x00000000fc100000,0x00000000fd380000)
 ParOldGen       total 123904K, used 68387K [0x00000000c0800000, 0x00000000c8100000, 0x00000000ead80000)
  object space 123904K, 55% used [0x00000000c0800000,0x00000000c4ac8e10,0x00000000c8100000)
 Metaspace       used 70918K, capacity 74048K, committed 74240K, reserved 1110016K
  class space    used 11996K, capacity 12777K, committed 12800K, reserved 1048576K
GC Heap History (10 events):
Event: 40.029 GC heap before
{Heap before GC invocations=19 (full 3):
 PSYoungGen      total 185344K, used 174669K [0x00000000ead80000, 0x00000000f9800000, 0x0000000100000000)
  eden space 165376K, 100% used [0x00000000ead80000,0x00000000f4f00000,0x00000000f4f00000)
  from space 19968K, 46% used [0x00000000f4f00000,0x00000000f5813538,0x00000000f6280000)
  to   space 19456K, 0% used [0x00000000f8500000,0x00000000f8500000,0x00000000f9800000)
 ParOldGen       total 123904K, used 58931K [0x00000000c0800000, 0x00000000c8100000, 0x00000000ead80000)
  object space 123904K, 47% used [0x00000000c0800000,0x00000000c418cea0,0x00000000c8100000)
 Metaspace       used 64664K, capacity 67762K, committed 67968K, reserved 1105920K
  class space    used 11049K, capacity 11829K, committed 11904K, reserved 1048576K
Event: 40.116 GC heap after
Heap after GC invocations=19 (full 3):
 PSYoungGen      total 221184K, used 10429K [0x00000000ead80000, 0x00000000fad00000, 0x0000000100000000)
  eden space 201728K, 0% used [0x00000000ead80000,0x00000000ead80000,0x00000000f7280000)
  from space 19456K, 53% used [0x00000000f8500000,0x00000000f8f2f760,0x00000000f9800000)
  to   space 18944K, 0% used [0x00000000f7280000,0x00000000f7280000,0x00000000f8500000)
 ParOldGen       total 123904K, used 58939K [0x00000000c0800000, 0x00000000c8100000, 0x00000000ead80000)
  object space 123904K, 47% used [0x00000000c0800000,0x00000000c418eea0,0x00000000c8100000)
 Metaspace       used 64664K, capacity 67762K, committed 67968K, reserved 1105920K
  class space    used 11049K, capacity 11829K, committed 11904K, reserved 1048576K
}
Event: 41.562 GC heap before
{Heap before GC invocations=20 (full 3):
 PSYoungGen      total 221184K, used 212157K [0x00000000ead80000, 0x00000000fad00000, 0x0000000100000000)
  eden space 201728K, 100% used [0x00000000ead80000,0x00000000f7280000,0x00000000f7280000)
  from space 19456K, 53% used [0x00000000f8500000,0x00000000f8f2f760,0x00000000f9800000)
  to   space 18944K, 0% used [0x00000000f7280000,0x00000000f7280000,0x00000000f8500000)
 ParOldGen       total 123904K, used 58939K [0x00000000c0800000, 0x00000000c8100000, 0x00000000ead80000)
  object space 123904K, 47% used [0x00000000c0800000,0x00000000c418eea0,0x00000000c8100000)
 Metaspace       used 65119K, capacity 68222K, committed 68480K, reserved 1105920K
  class space    used 11078K, capacity 11831K, committed 11904K, reserved 1048576K
Event: 41.586 GC heap after
Heap after GC invocations=20 (full 3):
 PSYoungGen      total 220672K, used 4455K [0x00000000ead80000, 0x00000000fc280000, 0x0000000100000000)
  eden space 201728K, 0% used [0x00000000ead80000,0x00000000ead80000,0x00000000f7280000)
  from space 18944K, 23% used [0x00000000f7280000,0x00000000f76d9db0,0x00000000f8500000)
  to   space 18432K, 0% used [0x00000000fb080000,0x00000000fb080000,0x00000000fc280000)
 ParOldGen       total 123904K, used 65286K [0x00000000c0800000, 0x00000000c8100000, 0x00000000ead80000)
  object space 123904K, 52% used [0x00000000c0800000,0x00000000c47c1b80,0x00000000c8100000)
 Metaspace       used 65119K, capacity 68222K, committed 68480K, reserved 1105920K
  class space    used 11078K, capacity 11831K, committed 11904K, reserved 1048576K
}
Event: 49.934 GC heap before
{Heap before GC invocations=21 (full 3):
 PSYoungGen      total 220672K, used 206183K [0x00000000ead80000, 0x00000000fc280000, 0x0000000100000000)
  eden space 201728K, 100% used [0x00000000ead80000,0x00000000f7280000,0x00000000f7280000)
  from space 18944K, 23% used [0x00000000f7280000,0x00000000f76d9db0,0x00000000f8500000)
  to   space 18432K, 0% used [0x00000000fb080000,0x00000000fb080000,0x00000000fc280000)
 ParOldGen       total 123904K, used 65286K [0x00000000c0800000, 0x00000000c8100000, 0x00000000ead80000)
  object space 123904K, 52% used [0x00000000c0800000,0x00000000c47c1b80,0x00000000c8100000)
 Metaspace       used 66362K, capacity 69386K, committed 69632K, reserved 1107968K
  class space    used 11269K, capacity 12025K, committed 12032K, reserved 1048576K
Event: 50.018 GC heap after
Heap after GC invocations=21 (full 3):
 PSYoungGen      total 258048K, used 6847K [0x00000000ead80000, 0x00000000fbe80000, 0x0000000100000000)
  eden space 243712K, 0% used [0x00000000ead80000,0x00000000ead80000,0x00000000f9b80000)
  from space 14336K, 47% used [0x00000000fb080000,0x00000000fb72fe80,0x00000000fbe80000)
  to   space 17920K, 0% used [0x00000000f9b80000,0x00000000f9b80000,0x00000000fad00000)
 ParOldGen       total 123904K, used 66738K [0x00000000c0800000, 0x00000000c8100000, 0x00000000ead80000)
  object space 123904K, 53% used [0x00000000c0800000,0x00000000c492c9b0,0x00000000c8100000)
 Metaspace       used 66362K, capacity 69386K, committed 69632K, reserved 1107968K
  class space    used 11269K, capacity 12025K, committed 12032K, reserved 1048576K
}
Event: 71.234 GC heap before
{Heap before GC invocations=22 (full 3):
 PSYoungGen      total 258048K, used 250559K [0x00000000ead80000, 0x00000000fbe80000, 0x0000000100000000)
  eden space 243712K, 100% used [0x00000000ead80000,0x00000000f9b80000,0x00000000f9b80000)
  from space 14336K, 47% used [0x00000000fb080000,0x00000000fb72fe80,0x00000000fbe80000)
  to   space 17920K, 0% used [0x00000000f9b80000,0x00000000f9b80000,0x00000000fad00000)
 ParOldGen       total 123904K, used 66738K [0x00000000c0800000, 0x00000000c8100000, 0x00000000ead80000)
  object space 123904K, 53% used [0x00000000c0800000,0x00000000c492c9b0,0x00000000c8100000)
 Metaspace       used 67877K, capacity 70978K, committed 71168K, reserved 1107968K
  class space    used 11463K, capacity 12253K, committed 12288K, reserved 1048576K
Event: 71.253 GC heap after
Heap after GC invocations=22 (full 3):
 PSYoungGen      total 261632K, used 4267K [0x00000000ead80000, 0x00000000fe880000, 0x0000000100000000)
  eden space 243712K, 0% used [0x00000000ead80000,0x00000000ead80000,0x00000000f9b80000)
  from space 17920K, 23% used [0x00000000f9b80000,0x00000000f9faaf90,0x00000000fad00000)
  to   space 17408K, 0% used [0x00000000fd780000,0x00000000fd780000,0x00000000fe880000)
 ParOldGen       total 123904K, used 68379K [0x00000000c0800000, 0x00000000c8100000, 0x00000000ead80000)
  object space 123904K, 55% used [0x00000000c0800000,0x00000000c4ac6e10,0x00000000c8100000)
 Metaspace       used 67877K, capacity 70978K, committed 71168K, reserved 1107968K
  class space    used 11463K, capacity 12253K, committed 12288K, reserved 1048576K
}
Event: 80.555 GC heap before
{Heap before GC invocations=23 (full 3):
 PSYoungGen      total 261632K, used 247979K [0x00000000ead80000, 0x00000000fe880000, 0x0000000100000000)
  eden space 243712K, 100% used [0x00000000ead80000,0x00000000f9b80000,0x00000000f9b80000)
  from space 17920K, 23% used [0x00000000f9b80000,0x00000000f9faaf90,0x00000000fad00000)
  to   space 17408K, 0% used [0x00000000fd780000,0x00000000fd780000,0x00000000fe880000)
 ParOldGen       total 123904K, used 68379K [0x00000000c0800000, 0x00000000c8100000, 0x00000000ead80000)
  object space 123904K, 55% used [0x00000000c0800000,0x00000000c4ac6e10,0x00000000c8100000)
 Metaspace       used 70719K, capacity 73850K, committed 73984K, reserved 1110016K
  class space    used 11991K, capacity 12776K, committed 12800K, reserved 1048576K
Event: 80.587 GC heap after
Heap after GC invocations=23 (full 3):
 PSYoungGen      total 296960K, used 13690K [0x00000000ead80000, 0x00000000fe600000, 0x0000000100000000)
  eden space 282112K, 0% used [0x00000000ead80000,0x00000000ead80000,0x00000000fc100000)
  from space 14848K, 92% used [0x00000000fd780000,0x00000000fe4de978,0x00000000fe600000)
  to   space 18944K, 0% used [0x00000000fc100000,0x00000000fc100000,0x00000000fd380000)
 ParOldGen       total 123904K, used 68387K [0x00000000c0800000, 0x00000000c8100000, 0x00000000ead80000)
  object space 123904K, 55% used [0x00000000c0800000,0x00000000c4ac8e10,0x00000000c8100000)
 Metaspace       used 70719K, capacity 73850K, committed 73984K, reserved 1110016K
  class space    used 11991K, capacity 12776K, committed 12800K, reserved 1048576K
}

